2022-04-20 10:46:23.628 [main] TRACE Application - {
    # application.conf @ file:/Users/minkyung/Desktop/dev/ktor_sample/build/resources/main/application.conf: 7
    "application" : {
        # application.conf @ file:/Users/minkyung/Desktop/dev/ktor_sample/build/resources/main/application.conf: 8
        "modules" : [
            # application.conf @ file:/Users/minkyung/Desktop/dev/ktor_sample/build/resources/main/application.conf: 8
            "com.example.ApplicationKt.module"
        ]
    },
    # application.conf @ file:/Users/minkyung/Desktop/dev/ktor_sample/build/resources/main/application.conf: 2
    "deployment" : {
        # application.conf @ file:/Users/minkyung/Desktop/dev/ktor_sample/build/resources/main/application.conf: 3
        "port" : 8080,
        # application.conf @ file:/Users/minkyung/Desktop/dev/ktor_sample/build/resources/main/application.conf: 4
        "test" : "mkkim"
    },
    # Content hidden
    "security" : "***"
}

2022-04-20 10:46:23.775 [main] INFO  Application - Autoreload is disabled because the development mode is off.
2022-04-20 10:46:24.568 [main] INFO  Application - Application auto-reloaded in 0.791 seconds.
2022-04-20 10:46:24.888 [DefaultDispatcher-worker-1] INFO  Application - Responding at http://0.0.0.0:8080
2022-04-20 10:47:42.662 [eventLoopGroupProxy-4-1] DEBUG Exposed - SELECT BookHistory.id, BookHistory.title, BookHistory.author, BookHistory.summary, BookHistory.isbn, BookHistory.image, BookHistory.rating, BookHistory.publisher, BookHistory.description, BookHistory.create_date, BookHistory.update_date FROM BookHistory ORDER BY BookHistory.update_date DESC NULLS LAST
2022-04-20 10:47:52.964 [eventLoopGroupProxy-4-1] DEBUG Exposed - SELECT BookHistory.id, BookHistory.title, BookHistory.author, BookHistory.summary, BookHistory.isbn, BookHistory.image, BookHistory.rating, BookHistory.publisher, BookHistory.description, BookHistory.create_date, BookHistory.update_date FROM BookHistory WHERE (BookHistory.create_date >= '2022-01-01 00:00:00.000') AND (BookHistory.create_date <= '2022-12-31 23:59:59.000') ORDER BY BookHistory.create_date ASC
2022-04-20 11:02:31.856 [eventLoopGroupProxy-4-2] DEBUG Exposed - SELECT BookHistory.id, BookHistory.title, BookHistory.author, BookHistory.summary, BookHistory.isbn, BookHistory.image, BookHistory.rating, BookHistory.publisher, BookHistory.description, BookHistory.create_date, BookHistory.update_date FROM BookHistory ORDER BY BookHistory.update_date DESC NULLS LAST
2022-04-20 11:05:18.343 [eventLoopGroupProxy-4-3] DEBUG Exposed - SELECT BookHistory.id, BookHistory.title, BookHistory.author, BookHistory.summary, BookHistory.isbn, BookHistory.image, BookHistory.rating, BookHistory.publisher, BookHistory.description, BookHistory.create_date, BookHistory.update_date FROM BookHistory ORDER BY BookHistory.update_date DESC NULLS LAST
2022-04-20 11:43:21.179 [eventLoopGroupProxy-4-4] DEBUG Exposed - SELECT BookHistory.id, BookHistory.title, BookHistory.author, BookHistory.summary, BookHistory.isbn, BookHistory.image, BookHistory.rating, BookHistory.publisher, BookHistory.description, BookHistory.create_date, BookHistory.update_date FROM BookHistory ORDER BY BookHistory.update_date DESC NULLS LAST
2022-04-20 11:43:27.245 [eventLoopGroupProxy-4-4] DEBUG Exposed - SELECT BookHistory.id, BookHistory.title, BookHistory.author, BookHistory.summary, BookHistory.isbn, BookHistory.image, BookHistory.rating, BookHistory.publisher, BookHistory.description, BookHistory.create_date, BookHistory.update_date FROM BookHistory WHERE (BookHistory.create_date >= '2022-01-01 00:00:00.000') AND (BookHistory.create_date <= '2022-12-31 23:59:59.000') ORDER BY BookHistory.create_date ASC
