2022-04-29 10:39:41.282 [eventLoopGroupProxy-4-11] DEBUG Exposed - SELECT BookHistory.id, BookHistory.title, BookHistory.author, BookHistory.summary, BookHistory.isbn, BookHistory.image, BookHistory.rating, BookHistory.publisher, BookHistory.description, BookHistory.create_date, BookHistory.update_date FROM BookHistory ORDER BY BookHistory.update_date DESC NULLS LAST
2022-04-29 10:42:06.446 [eventLoopGroupProxy-4-11] DEBUG Exposed - SELECT BookHistory.id, BookHistory.title, BookHistory.author, BookHistory.summary, BookHistory.isbn, BookHistory.image, BookHistory.rating, BookHistory.publisher, BookHistory.description, BookHistory.create_date, BookHistory.update_date FROM BookHistory ORDER BY BookHistory.update_date DESC NULLS LAST
2022-04-29 10:43:30.021 [eventLoopGroupProxy-4-12] DEBUG Exposed - SELECT BookHistory.id, BookHistory.title, BookHistory.author, BookHistory.summary, BookHistory.isbn, BookHistory.image, BookHistory.rating, BookHistory.publisher, BookHistory.description, BookHistory.create_date, BookHistory.update_date FROM BookHistory ORDER BY BookHistory.update_date DESC NULLS LAST
2022-04-29 10:43:50.695 [eventLoopGroupProxy-4-12] DEBUG Exposed - SELECT BookHistory.id, BookHistory.title, BookHistory.author, BookHistory.summary, BookHistory.isbn, BookHistory.image, BookHistory.rating, BookHistory.publisher, BookHistory.description, BookHistory.create_date, BookHistory.update_date FROM BookHistory WHERE BookHistory.isbn = '1165215837 9791165215835'
2022-04-29 10:44:01.234 [eventLoopGroupProxy-4-12] DEBUG Exposed - SELECT BookHistory.id, BookHistory.title, BookHistory.author, BookHistory.summary, BookHistory.isbn, BookHistory.image, BookHistory.rating, BookHistory.publisher, BookHistory.description, BookHistory.create_date, BookHistory.update_date FROM BookHistory WHERE BookHistory.isbn = '8935208957 9788935208951'
2022-04-29 10:44:07.683 [eventLoopGroupProxy-4-12] DEBUG Exposed - SELECT BookHistory.id, BookHistory.title, BookHistory.author, BookHistory.summary, BookHistory.isbn, BookHistory.image, BookHistory.rating, BookHistory.publisher, BookHistory.description, BookHistory.create_date, BookHistory.update_date FROM BookHistory WHERE (BookHistory.create_date >= '2022-01-01 00:00:00.000') AND (BookHistory.create_date <= '2022-12-31 23:59:59.000') ORDER BY BookHistory.create_date ASC
2022-04-29 10:54:46.702 [eventLoopGroupProxy-4-1] DEBUG Exposed - SELECT BookHistory.id, BookHistory.title, BookHistory.author, BookHistory.summary, BookHistory.isbn, BookHistory.image, BookHistory.rating, BookHistory.publisher, BookHistory.description, BookHistory.create_date, BookHistory.update_date FROM BookHistory ORDER BY BookHistory.update_date DESC NULLS LAST
2022-04-29 10:54:51.829 [eventLoopGroupProxy-4-1] DEBUG Exposed - SELECT BookHistory.id, BookHistory.title, BookHistory.author, BookHistory.summary, BookHistory.isbn, BookHistory.image, BookHistory.rating, BookHistory.publisher, BookHistory.description, BookHistory.create_date, BookHistory.update_date FROM BookHistory ORDER BY BookHistory.update_date DESC NULLS LAST
2022-04-29 10:55:16.989 [main] TRACE Application - {
    # application.conf @ file:/Users/minkyung/Desktop/dev/ktor_sample/build/resources/main/application.conf: 7
    "application" : {
        # application.conf @ file:/Users/minkyung/Desktop/dev/ktor_sample/build/resources/main/application.conf: 8
        "modules" : [
            # application.conf @ file:/Users/minkyung/Desktop/dev/ktor_sample/build/resources/main/application.conf: 8
            "com.example.ApplicationKt.module"
        ]
    },
    # application.conf @ file:/Users/minkyung/Desktop/dev/ktor_sample/build/resources/main/application.conf: 2
    "deployment" : {
        # application.conf @ file:/Users/minkyung/Desktop/dev/ktor_sample/build/resources/main/application.conf: 3
        "port" : 8080,
        # application.conf @ file:/Users/minkyung/Desktop/dev/ktor_sample/build/resources/main/application.conf: 4
        "test" : "mkkim"
    },
    # Content hidden
    "security" : "***"
}

2022-04-29 10:55:17.118 [main] INFO  Application - Autoreload is disabled because the development mode is off.
2022-04-29 10:55:17.777 [main] INFO  Application - Application auto-reloaded in 0.657 seconds.
2022-04-29 10:55:18.095 [DefaultDispatcher-worker-1] INFO  Application - Responding at http://0.0.0.0:8080
2022-04-29 10:55:45.634 [eventLoopGroupProxy-4-1] DEBUG Exposed - SELECT BookHistory.id, BookHistory.title, BookHistory.author, BookHistory.summary, BookHistory.isbn, BookHistory.image, BookHistory.rating, BookHistory.publisher, BookHistory.description, BookHistory.create_date, BookHistory.update_date FROM BookHistory ORDER BY BookHistory.update_date DESC NULLS LAST
2022-04-29 10:55:55.372 [eventLoopGroupProxy-4-1] DEBUG Exposed - SELECT BookHistory.id, BookHistory.title, BookHistory.author, BookHistory.summary, BookHistory.isbn, BookHistory.image, BookHistory.rating, BookHistory.publisher, BookHistory.description, BookHistory.create_date, BookHistory.update_date FROM BookHistory WHERE (BookHistory.create_date >= '2022-01-01 00:00:00.000') AND (BookHistory.create_date <= '2022-12-31 23:59:59.000') ORDER BY BookHistory.create_date ASC
2022-04-29 10:56:08.855 [eventLoopGroupProxy-4-1] DEBUG Exposed - SELECT BookHistory.id, BookHistory.title, BookHistory.author, BookHistory.summary, BookHistory.isbn, BookHistory.image, BookHistory.rating, BookHistory.publisher, BookHistory.description, BookHistory.create_date, BookHistory.update_date FROM BookHistory ORDER BY BookHistory.update_date DESC NULLS LAST
2022-04-29 10:56:27.937 [eventLoopGroupProxy-4-1] DEBUG Exposed - SELECT BookHistory.id, BookHistory.title, BookHistory.author, BookHistory.summary, BookHistory.isbn, BookHistory.image, BookHistory.rating, BookHistory.publisher, BookHistory.description, BookHistory.create_date, BookHistory.update_date FROM BookHistory ORDER BY BookHistory.update_date DESC NULLS LAST
2022-04-29 10:58:31.911 [eventLoopGroupProxy-4-1] DEBUG Exposed - SELECT BookHistory.id, BookHistory.title, BookHistory.author, BookHistory.summary, BookHistory.isbn, BookHistory.image, BookHistory.rating, BookHistory.publisher, BookHistory.description, BookHistory.create_date, BookHistory.update_date FROM BookHistory ORDER BY BookHistory.update_date DESC NULLS LAST
2022-04-29 10:59:04.867 [eventLoopGroupProxy-4-1] DEBUG Exposed - SELECT BookHistory.id, BookHistory.title, BookHistory.author, BookHistory.summary, BookHistory.isbn, BookHistory.image, BookHistory.rating, BookHistory.publisher, BookHistory.description, BookHistory.create_date, BookHistory.update_date FROM BookHistory ORDER BY BookHistory.update_date DESC NULLS LAST
2022-04-29 11:00:06.966 [eventLoopGroupProxy-4-1] DEBUG Exposed - SELECT BookHistory.id, BookHistory.title, BookHistory.author, BookHistory.summary, BookHistory.isbn, BookHistory.image, BookHistory.rating, BookHistory.publisher, BookHistory.description, BookHistory.create_date, BookHistory.update_date FROM BookHistory ORDER BY BookHistory.update_date DESC NULLS LAST
2022-04-29 11:00:33.022 [eventLoopGroupProxy-4-1] DEBUG Exposed - SELECT BookHistory.id, BookHistory.title, BookHistory.author, BookHistory.summary, BookHistory.isbn, BookHistory.image, BookHistory.rating, BookHistory.publisher, BookHistory.description, BookHistory.create_date, BookHistory.update_date FROM BookHistory ORDER BY BookHistory.update_date DESC NULLS LAST
2022-04-29 11:00:53.187 [eventLoopGroupProxy-4-1] DEBUG Exposed - SELECT BookHistory.id, BookHistory.title, BookHistory.author, BookHistory.summary, BookHistory.isbn, BookHistory.image, BookHistory.rating, BookHistory.publisher, BookHistory.description, BookHistory.create_date, BookHistory.update_date FROM BookHistory ORDER BY BookHistory.update_date DESC NULLS LAST
2022-04-29 11:01:33.202 [eventLoopGroupProxy-4-1] DEBUG Exposed - SELECT BookHistory.id, BookHistory.title, BookHistory.author, BookHistory.summary, BookHistory.isbn, BookHistory.image, BookHistory.rating, BookHistory.publisher, BookHistory.description, BookHistory.create_date, BookHistory.update_date FROM BookHistory ORDER BY BookHistory.update_date DESC NULLS LAST
2022-04-29 11:01:59.773 [eventLoopGroupProxy-4-1] DEBUG Exposed - SELECT BookHistory.id, BookHistory.title, BookHistory.author, BookHistory.summary, BookHistory.isbn, BookHistory.image, BookHistory.rating, BookHistory.publisher, BookHistory.description, BookHistory.create_date, BookHistory.update_date FROM BookHistory ORDER BY BookHistory.update_date DESC NULLS LAST
2022-04-29 11:02:42.168 [eventLoopGroupProxy-4-1] DEBUG Exposed - SELECT BookHistory.id, BookHistory.title, BookHistory.author, BookHistory.summary, BookHistory.isbn, BookHistory.image, BookHistory.rating, BookHistory.publisher, BookHistory.description, BookHistory.create_date, BookHistory.update_date FROM BookHistory ORDER BY BookHistory.update_date DESC NULLS LAST
2022-04-29 11:03:56.370 [eventLoopGroupProxy-4-1] DEBUG Exposed - SELECT BookHistory.id, BookHistory.title, BookHistory.author, BookHistory.summary, BookHistory.isbn, BookHistory.image, BookHistory.rating, BookHistory.publisher, BookHistory.description, BookHistory.create_date, BookHistory.update_date FROM BookHistory ORDER BY BookHistory.update_date DESC NULLS LAST
2022-04-29 11:04:15.473 [eventLoopGroupProxy-4-1] DEBUG Exposed - SELECT BookHistory.id, BookHistory.title, BookHistory.author, BookHistory.summary, BookHistory.isbn, BookHistory.image, BookHistory.rating, BookHistory.publisher, BookHistory.description, BookHistory.create_date, BookHistory.update_date FROM BookHistory ORDER BY BookHistory.update_date DESC NULLS LAST
2022-04-29 11:04:44.018 [eventLoopGroupProxy-4-2] DEBUG Exposed - SELECT BookHistory.id, BookHistory.title, BookHistory.author, BookHistory.summary, BookHistory.isbn, BookHistory.image, BookHistory.rating, BookHistory.publisher, BookHistory.description, BookHistory.create_date, BookHistory.update_date FROM BookHistory ORDER BY BookHistory.update_date DESC NULLS LAST
2022-04-29 11:04:58.709 [eventLoopGroupProxy-4-2] DEBUG Exposed - SELECT BookHistory.id, BookHistory.title, BookHistory.author, BookHistory.summary, BookHistory.isbn, BookHistory.image, BookHistory.rating, BookHistory.publisher, BookHistory.description, BookHistory.create_date, BookHistory.update_date FROM BookHistory ORDER BY BookHistory.update_date DESC NULLS LAST
2022-04-29 11:06:57.491 [eventLoopGroupProxy-4-2] DEBUG Exposed - SELECT BookHistory.id, BookHistory.title, BookHistory.author, BookHistory.summary, BookHistory.isbn, BookHistory.image, BookHistory.rating, BookHistory.publisher, BookHistory.description, BookHistory.create_date, BookHistory.update_date FROM BookHistory ORDER BY BookHistory.update_date DESC NULLS LAST
2022-04-29 11:07:49.462 [eventLoopGroupProxy-4-3] DEBUG Exposed - SELECT BookHistory.id, BookHistory.title, BookHistory.author, BookHistory.summary, BookHistory.isbn, BookHistory.image, BookHistory.rating, BookHistory.publisher, BookHistory.description, BookHistory.create_date, BookHistory.update_date FROM BookHistory ORDER BY BookHistory.update_date DESC NULLS LAST
2022-04-29 11:10:45.633 [eventLoopGroupProxy-4-4] DEBUG Exposed - SELECT BookHistory.id, BookHistory.title, BookHistory.author, BookHistory.summary, BookHistory.isbn, BookHistory.image, BookHistory.rating, BookHistory.publisher, BookHistory.description, BookHistory.create_date, BookHistory.update_date FROM BookHistory ORDER BY BookHistory.update_date DESC NULLS LAST
2022-04-29 11:12:44.700 [eventLoopGroupProxy-4-5] DEBUG Exposed - SELECT BookHistory.id, BookHistory.title, BookHistory.author, BookHistory.summary, BookHistory.isbn, BookHistory.image, BookHistory.rating, BookHistory.publisher, BookHistory.description, BookHistory.create_date, BookHistory.update_date FROM BookHistory ORDER BY BookHistory.update_date DESC NULLS LAST
2022-04-29 11:12:57.387 [eventLoopGroupProxy-4-5] DEBUG Exposed - SELECT BookHistory.id, BookHistory.title, BookHistory.author, BookHistory.summary, BookHistory.isbn, BookHistory.image, BookHistory.rating, BookHistory.publisher, BookHistory.description, BookHistory.create_date, BookHistory.update_date FROM BookHistory WHERE BookHistory.isbn = '8976183681 9788976183682'
2022-04-29 11:13:03.777 [eventLoopGroupProxy-4-5] DEBUG Exposed - SELECT BookHistory.id, BookHistory.title, BookHistory.author, BookHistory.summary, BookHistory.isbn, BookHistory.image, BookHistory.rating, BookHistory.publisher, BookHistory.description, BookHistory.create_date, BookHistory.update_date FROM BookHistory WHERE BookHistory.isbn = '1167500113 9791167500113'
2022-04-29 11:13:08.301 [eventLoopGroupProxy-4-5] DEBUG Exposed - SELECT BookHistory.id, BookHistory.title, BookHistory.author, BookHistory.summary, BookHistory.isbn, BookHistory.image, BookHistory.rating, BookHistory.publisher, BookHistory.description, BookHistory.create_date, BookHistory.update_date FROM BookHistory WHERE (BookHistory.create_date >= '2022-01-01 00:00:00.000') AND (BookHistory.create_date <= '2022-12-31 23:59:59.000') ORDER BY BookHistory.create_date ASC
2022-04-29 11:15:00.515 [eventLoopGroupProxy-4-6] DEBUG Exposed - SELECT BookHistory.id, BookHistory.title, BookHistory.author, BookHistory.summary, BookHistory.isbn, BookHistory.image, BookHistory.rating, BookHistory.publisher, BookHistory.description, BookHistory.create_date, BookHistory.update_date FROM BookHistory ORDER BY BookHistory.update_date DESC NULLS LAST
2022-04-29 11:24:55.194 [eventLoopGroupProxy-4-7] DEBUG Exposed - SELECT BookHistory.id, BookHistory.title, BookHistory.author, BookHistory.summary, BookHistory.isbn, BookHistory.image, BookHistory.rating, BookHistory.publisher, BookHistory.description, BookHistory.create_date, BookHistory.update_date FROM BookHistory ORDER BY BookHistory.update_date DESC NULLS LAST
2022-04-29 11:35:06.728 [eventLoopGroupProxy-4-8] DEBUG Exposed - SELECT BookHistory.id, BookHistory.title, BookHistory.author, BookHistory.summary, BookHistory.isbn, BookHistory.image, BookHistory.rating, BookHistory.publisher, BookHistory.description, BookHistory.create_date, BookHistory.update_date FROM BookHistory ORDER BY BookHistory.update_date DESC NULLS LAST
2022-04-29 11:38:42.598 [eventLoopGroupProxy-4-8] DEBUG Exposed - SELECT BookHistory.id, BookHistory.title, BookHistory.author, BookHistory.summary, BookHistory.isbn, BookHistory.image, BookHistory.rating, BookHistory.publisher, BookHistory.description, BookHistory.create_date, BookHistory.update_date FROM BookHistory WHERE BookHistory.isbn = '1166570428 9791166570421'
2022-04-29 11:45:44.354 [eventLoopGroupProxy-4-9] DEBUG Exposed - SELECT BookHistory.id, BookHistory.title, BookHistory.author, BookHistory.summary, BookHistory.isbn, BookHistory.image, BookHistory.rating, BookHistory.publisher, BookHistory.description, BookHistory.create_date, BookHistory.update_date FROM BookHistory ORDER BY BookHistory.update_date DESC NULLS LAST
2022-04-29 11:51:28.534 [eventLoopGroupProxy-4-10] DEBUG Exposed - SELECT BookHistory.id, BookHistory.title, BookHistory.author, BookHistory.summary, BookHistory.isbn, BookHistory.image, BookHistory.rating, BookHistory.publisher, BookHistory.description, BookHistory.create_date, BookHistory.update_date FROM BookHistory WHERE (BookHistory.create_date >= '2022-01-01 00:00:00.000') AND (BookHistory.create_date <= '2022-12-31 23:59:59.000') ORDER BY BookHistory.create_date ASC
2022-04-29 11:51:33.484 [eventLoopGroupProxy-4-10] DEBUG Exposed - SELECT BookHistory.id, BookHistory.title, BookHistory.author, BookHistory.summary, BookHistory.isbn, BookHistory.image, BookHistory.rating, BookHistory.publisher, BookHistory.description, BookHistory.create_date, BookHistory.update_date FROM BookHistory WHERE BookHistory.isbn = '1166570428 9791166570421'
2022-04-29 11:52:31.850 [eventLoopGroupProxy-4-10] DEBUG Exposed - SELECT BookHistory.id, BookHistory.title, BookHistory.author, BookHistory.summary, BookHistory.isbn, BookHistory.image, BookHistory.rating, BookHistory.publisher, BookHistory.description, BookHistory.create_date, BookHistory.update_date FROM BookHistory ORDER BY BookHistory.update_date DESC NULLS LAST
2022-04-29 11:52:42.160 [eventLoopGroupProxy-4-10] DEBUG Exposed - SELECT BookHistory.id, BookHistory.title, BookHistory.author, BookHistory.summary, BookHistory.isbn, BookHistory.image, BookHistory.rating, BookHistory.publisher, BookHistory.description, BookHistory.create_date, BookHistory.update_date FROM BookHistory WHERE BookHistory.isbn = '1166570428 9791166570421'
2022-04-29 11:53:35.485 [eventLoopGroupProxy-4-10] DEBUG Exposed - SELECT BookHistory.id, BookHistory.title, BookHistory.author, BookHistory.summary, BookHistory.isbn, BookHistory.image, BookHistory.rating, BookHistory.publisher, BookHistory.description, BookHistory.create_date, BookHistory.update_date FROM BookHistory ORDER BY BookHistory.update_date DESC NULLS LAST
2022-04-29 11:53:39.604 [eventLoopGroupProxy-4-10] DEBUG Exposed - SELECT BookHistory.id, BookHistory.title, BookHistory.author, BookHistory.summary, BookHistory.isbn, BookHistory.image, BookHistory.rating, BookHistory.publisher, BookHistory.description, BookHistory.create_date, BookHistory.update_date FROM BookHistory WHERE BookHistory.isbn = '1166570428 9791166570421'
2022-04-29 11:53:44.926 [eventLoopGroupProxy-4-10] DEBUG Exposed - SELECT BookHistory.id, BookHistory.title, BookHistory.author, BookHistory.summary, BookHistory.isbn, BookHistory.image, BookHistory.rating, BookHistory.publisher, BookHistory.description, BookHistory.create_date, BookHistory.update_date FROM BookHistory WHERE BookHistory.isbn = '8962065150 9788962065152'
2022-04-29 14:41:00.052 [eventLoopGroupProxy-4-11] DEBUG Exposed - SELECT BookHistory.id, BookHistory.title, BookHistory.author, BookHistory.summary, BookHistory.isbn, BookHistory.image, BookHistory.rating, BookHistory.publisher, BookHistory.description, BookHistory.create_date, BookHistory.update_date FROM BookHistory ORDER BY BookHistory.update_date DESC NULLS LAST
2022-04-29 14:45:28.426 [eventLoopGroupProxy-4-12] DEBUG Exposed - SELECT BookHistory.id, BookHistory.title, BookHistory.author, BookHistory.summary, BookHistory.isbn, BookHistory.image, BookHistory.rating, BookHistory.publisher, BookHistory.description, BookHistory.create_date, BookHistory.update_date FROM BookHistory ORDER BY BookHistory.update_date DESC NULLS LAST
2022-04-29 14:51:08.403 [eventLoopGroupProxy-4-4] DEBUG Exposed - SELECT BookHistory.id, BookHistory.title, BookHistory.author, BookHistory.summary, BookHistory.isbn, BookHistory.image, BookHistory.rating, BookHistory.publisher, BookHistory.description, BookHistory.create_date, BookHistory.update_date FROM BookHistory ORDER BY BookHistory.update_date DESC NULLS LAST
2022-04-29 14:59:55.727 [eventLoopGroupProxy-4-7] DEBUG Exposed - SELECT BookHistory.id, BookHistory.title, BookHistory.author, BookHistory.summary, BookHistory.isbn, BookHistory.image, BookHistory.rating, BookHistory.publisher, BookHistory.description, BookHistory.create_date, BookHistory.update_date FROM BookHistory ORDER BY BookHistory.update_date DESC NULLS LAST
2022-04-29 15:01:20.943 [main] TRACE Application - {
    # application.conf @ file:/Users/minkyung/Desktop/dev/ktor_sample/build/resources/main/application.conf: 7
    "application" : {
        # application.conf @ file:/Users/minkyung/Desktop/dev/ktor_sample/build/resources/main/application.conf: 8
        "modules" : [
            # application.conf @ file:/Users/minkyung/Desktop/dev/ktor_sample/build/resources/main/application.conf: 8
            "com.example.ApplicationKt.module"
        ]
    },
    # application.conf @ file:/Users/minkyung/Desktop/dev/ktor_sample/build/resources/main/application.conf: 2
    "deployment" : {
        # application.conf @ file:/Users/minkyung/Desktop/dev/ktor_sample/build/resources/main/application.conf: 3
        "port" : 8888,
        # application.conf @ file:/Users/minkyung/Desktop/dev/ktor_sample/build/resources/main/application.conf: 4
        "test" : "mkkim"
    },
    # Content hidden
    "security" : "***"
}

2022-04-29 15:01:21.030 [main] INFO  Application - Autoreload is disabled because the development mode is off.
2022-04-29 15:01:21.623 [main] INFO  Application - Application auto-reloaded in 0.591 seconds.
2022-04-29 15:01:21.904 [DefaultDispatcher-worker-1] INFO  Application - Responding at http://0.0.0.0:8888
2022-04-29 15:03:59.382 [eventLoopGroupProxy-4-2] DEBUG Exposed - SELECT BookHistory.id, BookHistory.title, BookHistory.author, BookHistory.summary, BookHistory.isbn, BookHistory.image, BookHistory.rating, BookHistory.publisher, BookHistory.description, BookHistory.create_date, BookHistory.update_date FROM BookHistory ORDER BY BookHistory.update_date DESC NULLS LAST
2022-04-29 15:04:05.577 [eventLoopGroupProxy-4-2] DEBUG Exposed - SELECT BookHistory.id, BookHistory.title, BookHistory.author, BookHistory.summary, BookHistory.isbn, BookHistory.image, BookHistory.rating, BookHistory.publisher, BookHistory.description, BookHistory.create_date, BookHistory.update_date FROM BookHistory WHERE BookHistory.isbn = '1166570428 9791166570421'
2022-04-29 15:11:00.613 [main] TRACE Application - {
    # application.conf @ file:/Users/minkyung/Desktop/dev/ktor_sample/build/resources/main/application.conf: 7
    "application" : {
        # application.conf @ file:/Users/minkyung/Desktop/dev/ktor_sample/build/resources/main/application.conf: 8
        "modules" : [
            # application.conf @ file:/Users/minkyung/Desktop/dev/ktor_sample/build/resources/main/application.conf: 8
            "com.example.ApplicationKt.module"
        ]
    },
    # application.conf @ file:/Users/minkyung/Desktop/dev/ktor_sample/build/resources/main/application.conf: 2
    "deployment" : {
        # application.conf @ file:/Users/minkyung/Desktop/dev/ktor_sample/build/resources/main/application.conf: 3
        "port" : 8080,
        # application.conf @ file:/Users/minkyung/Desktop/dev/ktor_sample/build/resources/main/application.conf: 4
        "test" : "mkkim"
    },
    # Content hidden
    "security" : "***"
}

2022-04-29 15:11:00.702 [main] INFO  Application - Autoreload is disabled because the development mode is off.
2022-04-29 15:11:01.238 [main] INFO  Application - Application auto-reloaded in 0.535 seconds.
2022-04-29 15:11:01.537 [DefaultDispatcher-worker-1] INFO  Application - Responding at http://0.0.0.0:8080
2022-04-29 15:15:37.748 [eventLoopGroupProxy-4-6] DEBUG Exposed - SELECT BookHistory.id, BookHistory.title, BookHistory.author, BookHistory.summary, BookHistory.isbn, BookHistory.image, BookHistory.rating, BookHistory.publisher, BookHistory.description, BookHistory.create_date, BookHistory.update_date FROM BookHistory ORDER BY BookHistory.update_date DESC NULLS LAST
2022-04-29 15:25:41.079 [main] TRACE Application - {
    # application.conf @ file:/Users/minkyung/Desktop/dev/ktor_sample/build/resources/main/application.conf: 7
    "application" : {
        # application.conf @ file:/Users/minkyung/Desktop/dev/ktor_sample/build/resources/main/application.conf: 8
        "modules" : [
            # application.conf @ file:/Users/minkyung/Desktop/dev/ktor_sample/build/resources/main/application.conf: 8
            "com.example.ApplicationKt.module"
        ]
    },
    # application.conf @ file:/Users/minkyung/Desktop/dev/ktor_sample/build/resources/main/application.conf: 2
    "deployment" : {
        # application.conf @ file:/Users/minkyung/Desktop/dev/ktor_sample/build/resources/main/application.conf: 3
        "port" : 8080,
        # application.conf @ file:/Users/minkyung/Desktop/dev/ktor_sample/build/resources/main/application.conf: 4
        "test" : "mkkim"
    },
    # Content hidden
    "security" : "***"
}

2022-04-29 15:25:41.230 [main] INFO  Application - Autoreload is disabled because the development mode is off.
2022-04-29 15:25:41.859 [main] INFO  Application - Application auto-reloaded in 0.628 seconds.
2022-04-29 15:25:42.008 [DefaultDispatcher-worker-1] INFO  Application - Responding at http://0.0.0.0:8080
2022-04-29 15:26:19.417 [eventLoopGroupProxy-4-1] DEBUG Exposed - SELECT BookHistory.id, BookHistory.title, BookHistory.author, BookHistory.summary, BookHistory.isbn, BookHistory.image, BookHistory.rating, BookHistory.publisher, BookHistory.description, BookHistory.create_date, BookHistory.update_date FROM BookHistory ORDER BY BookHistory.update_date DESC NULLS LAST
2022-04-29 15:41:01.431 [main] TRACE Application - {
    # application.conf @ file:/Users/minkyung/Desktop/dev/ktor_sample/build/resources/main/application.conf: 7
    "application" : {
        # application.conf @ file:/Users/minkyung/Desktop/dev/ktor_sample/build/resources/main/application.conf: 8
        "modules" : [
            # application.conf @ file:/Users/minkyung/Desktop/dev/ktor_sample/build/resources/main/application.conf: 8
            "com.example.ApplicationKt.module"
        ]
    },
    # application.conf @ file:/Users/minkyung/Desktop/dev/ktor_sample/build/resources/main/application.conf: 2
    "deployment" : {
        # application.conf @ file:/Users/minkyung/Desktop/dev/ktor_sample/build/resources/main/application.conf: 3
        "port" : 8080,
        # application.conf @ file:/Users/minkyung/Desktop/dev/ktor_sample/build/resources/main/application.conf: 4
        "test" : "mkkim"
    },
    # Content hidden
    "security" : "***"
}

2022-04-29 15:41:01.540 [main] INFO  Application - Autoreload is disabled because the development mode is off.
2022-04-29 15:41:02.140 [main] INFO  Application - Application auto-reloaded in 0.598 seconds.
2022-04-29 15:41:02.274 [DefaultDispatcher-worker-1] INFO  Application - Responding at http://0.0.0.0:8080
2022-04-29 15:41:36.855 [eventLoopGroupProxy-4-1] DEBUG Exposed - SELECT BookHistory.id, BookHistory.title, BookHistory.author, BookHistory.summary, BookHistory.isbn, BookHistory.image, BookHistory.rating, BookHistory.publisher, BookHistory.description, BookHistory.create_date, BookHistory.update_date FROM BookHistory ORDER BY BookHistory.update_date DESC NULLS LAST
2022-04-29 15:41:40.109 [eventLoopGroupProxy-4-1] DEBUG Exposed - SELECT BookHistory.id, BookHistory.title, BookHistory.author, BookHistory.summary, BookHistory.isbn, BookHistory.image, BookHistory.rating, BookHistory.publisher, BookHistory.description, BookHistory.create_date, BookHistory.update_date FROM BookHistory WHERE (BookHistory.create_date >= '2022-01-01 00:00:00.000') AND (BookHistory.create_date <= '2022-12-31 23:59:59.000') ORDER BY BookHistory.create_date ASC
2022-04-29 15:42:57.139 [eventLoopGroupProxy-4-1] DEBUG Exposed - SELECT BookHistory.id, BookHistory.title, BookHistory.author, BookHistory.summary, BookHistory.isbn, BookHistory.image, BookHistory.rating, BookHistory.publisher, BookHistory.description, BookHistory.create_date, BookHistory.update_date FROM BookHistory WHERE (BookHistory.create_date >= '2022-01-01 00:00:00.000') AND (BookHistory.create_date <= '2022-12-31 23:59:59.000') ORDER BY BookHistory.create_date ASC
2022-04-29 15:48:26.737 [main] TRACE Application - {
    # application.conf @ file:/Users/minkyung/Desktop/dev/ktor_sample/build/resources/main/application.conf: 6
    "application" : {
        # application.conf @ file:/Users/minkyung/Desktop/dev/ktor_sample/build/resources/main/application.conf: 7
        "modules" : [
            # application.conf @ file:/Users/minkyung/Desktop/dev/ktor_sample/build/resources/main/application.conf: 7
            "com.example.ApplicationKt.module"
        ]
    },
    # application.conf @ file:/Users/minkyung/Desktop/dev/ktor_sample/build/resources/main/application.conf: 2
    "deployment" : {
        # application.conf @ file:/Users/minkyung/Desktop/dev/ktor_sample/build/resources/main/application.conf: 3
        "port" : 8080
    },
    # Content hidden
    "security" : "***"
}

2022-04-29 15:48:26.830 [main] INFO  Application - Autoreload is disabled because the development mode is off.
2022-04-29 15:48:27.439 [main] INFO  Application - Application auto-reloaded in 0.608 seconds.
2022-04-29 15:48:27.575 [DefaultDispatcher-worker-1] INFO  Application - Responding at http://0.0.0.0:8080
2022-04-29 15:49:01.924 [eventLoopGroupProxy-4-1] DEBUG Exposed - SELECT BookHistory.id, BookHistory.title, BookHistory.author, BookHistory.summary, BookHistory.isbn, BookHistory.image, BookHistory.rating, BookHistory.publisher, BookHistory.description, BookHistory.create_date, BookHistory.update_date FROM BookHistory ORDER BY BookHistory.update_date DESC NULLS LAST
2022-04-29 15:52:11.988 [eventLoopGroupProxy-4-1] DEBUG Exposed - SELECT BookHistory.id, BookHistory.title, BookHistory.author, BookHistory.summary, BookHistory.isbn, BookHistory.image, BookHistory.rating, BookHistory.publisher, BookHistory.description, BookHistory.create_date, BookHistory.update_date FROM BookHistory WHERE BookHistory.isbn = '119014929X 9791190149297'
2022-04-29 16:01:17.612 [eventLoopGroupProxy-4-2] DEBUG Exposed - SELECT BookHistory.id, BookHistory.title, BookHistory.author, BookHistory.summary, BookHistory.isbn, BookHistory.image, BookHistory.rating, BookHistory.publisher, BookHistory.description, BookHistory.create_date, BookHistory.update_date FROM BookHistory ORDER BY BookHistory.update_date DESC NULLS LAST
2022-04-29 16:01:26.554 [eventLoopGroupProxy-4-2] DEBUG Exposed - SELECT BookHistory.id, BookHistory.title, BookHistory.author, BookHistory.summary, BookHistory.isbn, BookHistory.image, BookHistory.rating, BookHistory.publisher, BookHistory.description, BookHistory.create_date, BookHistory.update_date FROM BookHistory WHERE (BookHistory.create_date >= '2022-01-01 00:00:00.000') AND (BookHistory.create_date <= '2022-12-31 23:59:59.000') ORDER BY BookHistory.create_date ASC
2022-04-29 16:45:23.060 [eventLoopGroupProxy-4-3] DEBUG Exposed - SELECT BookHistory.id, BookHistory.title, BookHistory.author, BookHistory.summary, BookHistory.isbn, BookHistory.image, BookHistory.rating, BookHistory.publisher, BookHistory.description, BookHistory.create_date, BookHistory.update_date FROM BookHistory ORDER BY BookHistory.update_date DESC NULLS LAST
2022-04-29 16:45:26.546 [eventLoopGroupProxy-4-3] DEBUG Exposed - SELECT BookHistory.id, BookHistory.title, BookHistory.author, BookHistory.summary, BookHistory.isbn, BookHistory.image, BookHistory.rating, BookHistory.publisher, BookHistory.description, BookHistory.create_date, BookHistory.update_date FROM BookHistory WHERE BookHistory.isbn = '1187481726 9791187481720'
2022-04-29 16:45:30.728 [eventLoopGroupProxy-4-3] DEBUG Exposed - SELECT BookHistory.id, BookHistory.title, BookHistory.author, BookHistory.summary, BookHistory.isbn, BookHistory.image, BookHistory.rating, BookHistory.publisher, BookHistory.description, BookHistory.create_date, BookHistory.update_date FROM BookHistory WHERE BookHistory.isbn = '1166570428 9791166570421'
2022-04-29 16:45:34.299 [eventLoopGroupProxy-4-3] DEBUG Exposed - SELECT BookHistory.id, BookHistory.title, BookHistory.author, BookHistory.summary, BookHistory.isbn, BookHistory.image, BookHistory.rating, BookHistory.publisher, BookHistory.description, BookHistory.create_date, BookHistory.update_date FROM BookHistory WHERE (BookHistory.create_date >= '2022-01-01 00:00:00.000') AND (BookHistory.create_date <= '2022-12-31 23:59:59.000') ORDER BY BookHistory.create_date ASC
2022-04-29 17:04:09.368 [eventLoopGroupProxy-4-4] DEBUG Exposed - SELECT BookHistory.id, BookHistory.title, BookHistory.author, BookHistory.summary, BookHistory.isbn, BookHistory.image, BookHistory.rating, BookHistory.publisher, BookHistory.description, BookHistory.create_date, BookHistory.update_date FROM BookHistory ORDER BY BookHistory.update_date DESC NULLS LAST
2022-04-29 17:54:23.337 [eventLoopGroupProxy-4-5] DEBUG Exposed - SELECT BookHistory.id, BookHistory.title, BookHistory.author, BookHistory.summary, BookHistory.isbn, BookHistory.image, BookHistory.rating, BookHistory.publisher, BookHistory.description, BookHistory.create_date, BookHistory.update_date FROM BookHistory ORDER BY BookHistory.update_date DESC NULLS LAST
2022-04-29 17:54:29.395 [eventLoopGroupProxy-4-5] DEBUG Exposed - SELECT BookHistory.id, BookHistory.title, BookHistory.author, BookHistory.summary, BookHistory.isbn, BookHistory.image, BookHistory.rating, BookHistory.publisher, BookHistory.description, BookHistory.create_date, BookHistory.update_date FROM BookHistory WHERE (BookHistory.create_date >= '2022-01-01 00:00:00.000') AND (BookHistory.create_date <= '2022-12-31 23:59:59.000') ORDER BY BookHistory.create_date ASC
2022-04-29 17:54:33.784 [eventLoopGroupProxy-4-5] DEBUG Exposed - SELECT BookHistory.id, BookHistory.title, BookHistory.author, BookHistory.summary, BookHistory.isbn, BookHistory.image, BookHistory.rating, BookHistory.publisher, BookHistory.description, BookHistory.create_date, BookHistory.update_date FROM BookHistory WHERE BookHistory.isbn = '1166570428 9791166570421'
2022-04-29 18:03:18.352 [eventLoopGroupProxy-4-6] DEBUG Exposed - SELECT BookHistory.id, BookHistory.title, BookHistory.author, BookHistory.summary, BookHistory.isbn, BookHistory.image, BookHistory.rating, BookHistory.publisher, BookHistory.description, BookHistory.create_date, BookHistory.update_date FROM BookHistory ORDER BY BookHistory.update_date DESC NULLS LAST
2022-04-29 18:03:23.943 [eventLoopGroupProxy-4-6] DEBUG Exposed - SELECT BookHistory.id, BookHistory.title, BookHistory.author, BookHistory.summary, BookHistory.isbn, BookHistory.image, BookHistory.rating, BookHistory.publisher, BookHistory.description, BookHistory.create_date, BookHistory.update_date FROM BookHistory WHERE BookHistory.isbn = '1187481726 9791187481720'
2022-04-29 18:13:07.502 [main] TRACE Application - {
    # application.conf @ file:/Users/minkyung/Desktop/dev/ktor_sample/build/resources/main/application.conf: 6
    "application" : {
        # application.conf @ file:/Users/minkyung/Desktop/dev/ktor_sample/build/resources/main/application.conf: 7
        "modules" : [
            # application.conf @ file:/Users/minkyung/Desktop/dev/ktor_sample/build/resources/main/application.conf: 7
            "com.example.ApplicationKt.module"
        ]
    },
    # application.conf @ file:/Users/minkyung/Desktop/dev/ktor_sample/build/resources/main/application.conf: 2
    "deployment" : {
        # application.conf @ file:/Users/minkyung/Desktop/dev/ktor_sample/build/resources/main/application.conf: 3
        "port" : 8080
    },
    # Content hidden
    "security" : "***"
}

2022-04-29 18:13:07.593 [main] INFO  Application - Autoreload is disabled because the development mode is off.
2022-04-29 18:13:08.203 [main] INFO  Application - Application auto-reloaded in 0.608 seconds.
2022-04-29 18:13:08.501 [DefaultDispatcher-worker-1] INFO  Application - Responding at http://0.0.0.0:8080
2022-04-29 18:14:06.740 [eventLoopGroupProxy-4-1] DEBUG Exposed - SELECT BookHistory.id, BookHistory.title, BookHistory.author, BookHistory.summary, BookHistory.isbn, BookHistory.image, BookHistory.rating, BookHistory.publisher, BookHistory.description, BookHistory.create_date, BookHistory.update_date FROM BookHistory ORDER BY BookHistory.update_date DESC NULLS LAST
2022-04-29 18:44:41.619 [eventLoopGroupProxy-4-2] DEBUG Exposed - SELECT BookHistory.id, BookHistory.title, BookHistory.author, BookHistory.summary, BookHistory.isbn, BookHistory.image, BookHistory.rating, BookHistory.publisher, BookHistory.description, BookHistory.create_date, BookHistory.update_date FROM BookHistory ORDER BY BookHistory.update_date DESC NULLS LAST
2022-04-29 18:44:53.394 [eventLoopGroupProxy-4-2] DEBUG Exposed - SELECT BookHistory.id, BookHistory.title, BookHistory.author, BookHistory.summary, BookHistory.isbn, BookHistory.image, BookHistory.rating, BookHistory.publisher, BookHistory.description, BookHistory.create_date, BookHistory.update_date FROM BookHistory WHERE (BookHistory.create_date >= '2022-01-01 00:00:00.000') AND (BookHistory.create_date <= '2022-12-31 23:59:59.000') ORDER BY BookHistory.create_date ASC
2022-04-29 18:44:56.377 [eventLoopGroupProxy-4-2] DEBUG Exposed - SELECT BookHistory.id, BookHistory.title, BookHistory.author, BookHistory.summary, BookHistory.isbn, BookHistory.image, BookHistory.rating, BookHistory.publisher, BookHistory.description, BookHistory.create_date, BookHistory.update_date FROM BookHistory WHERE BookHistory.isbn = '1166570428 9791166570421'
2022-04-29 18:50:25.207 [eventLoopGroupProxy-4-3] DEBUG Exposed - SELECT BookHistory.id, BookHistory.title, BookHistory.author, BookHistory.summary, BookHistory.isbn, BookHistory.image, BookHistory.rating, BookHistory.publisher, BookHistory.description, BookHistory.create_date, BookHistory.update_date FROM BookHistory ORDER BY BookHistory.update_date DESC NULLS LAST
2022-04-29 19:29:13.433 [eventLoopGroupProxy-4-4] DEBUG Exposed - SELECT BookHistory.id, BookHistory.title, BookHistory.author, BookHistory.summary, BookHistory.isbn, BookHistory.image, BookHistory.rating, BookHistory.publisher, BookHistory.description, BookHistory.create_date, BookHistory.update_date FROM BookHistory ORDER BY BookHistory.update_date DESC NULLS LAST
2022-04-29 19:33:42.849 [eventLoopGroupProxy-4-4] DEBUG Exposed - SELECT BookHistory.id, BookHistory.title, BookHistory.author, BookHistory.summary, BookHistory.isbn, BookHistory.image, BookHistory.rating, BookHistory.publisher, BookHistory.description, BookHistory.create_date, BookHistory.update_date FROM BookHistory ORDER BY BookHistory.update_date DESC NULLS LAST
2022-04-29 19:33:47.838 [eventLoopGroupProxy-4-4] DEBUG Exposed - SELECT BookHistory.id, BookHistory.title, BookHistory.author, BookHistory.summary, BookHistory.isbn, BookHistory.image, BookHistory.rating, BookHistory.publisher, BookHistory.description, BookHistory.create_date, BookHistory.update_date FROM BookHistory WHERE (BookHistory.create_date >= '2022-01-01 00:00:00.000') AND (BookHistory.create_date <= '2022-12-31 23:59:59.000') ORDER BY BookHistory.create_date ASC
2022-04-29 19:33:51.802 [eventLoopGroupProxy-4-4] DEBUG Exposed - SELECT BookHistory.id, BookHistory.title, BookHistory.author, BookHistory.summary, BookHistory.isbn, BookHistory.image, BookHistory.rating, BookHistory.publisher, BookHistory.description, BookHistory.create_date, BookHistory.update_date FROM BookHistory WHERE BookHistory.isbn = '1185402551 9791185402550'
2022-04-29 19:33:55.715 [eventLoopGroupProxy-4-4] DEBUG Exposed - SELECT BookHistory.id, BookHistory.title, BookHistory.author, BookHistory.summary, BookHistory.isbn, BookHistory.image, BookHistory.rating, BookHistory.publisher, BookHistory.description, BookHistory.create_date, BookHistory.update_date FROM BookHistory WHERE BookHistory.isbn = '1165215837 9791165215835'
2022-04-29 20:00:08.749 [eventLoopGroupProxy-4-5] DEBUG Exposed - SELECT BookHistory.id, BookHistory.title, BookHistory.author, BookHistory.summary, BookHistory.isbn, BookHistory.image, BookHistory.rating, BookHistory.publisher, BookHistory.description, BookHistory.create_date, BookHistory.update_date FROM BookHistory ORDER BY BookHistory.update_date DESC NULLS LAST
2022-04-29 20:00:12.684 [eventLoopGroupProxy-4-5] DEBUG Exposed - SELECT BookHistory.id, BookHistory.title, BookHistory.author, BookHistory.summary, BookHistory.isbn, BookHistory.image, BookHistory.rating, BookHistory.publisher, BookHistory.description, BookHistory.create_date, BookHistory.update_date FROM BookHistory WHERE BookHistory.isbn = '1190920050 9791190920056'
2022-04-29 20:00:16.699 [eventLoopGroupProxy-4-5] DEBUG Exposed - SELECT BookHistory.id, BookHistory.title, BookHistory.author, BookHistory.summary, BookHistory.isbn, BookHistory.image, BookHistory.rating, BookHistory.publisher, BookHistory.description, BookHistory.create_date, BookHistory.update_date FROM BookHistory WHERE BookHistory.isbn = '1166570428 9791166570421'
2022-04-29 20:00:20.309 [eventLoopGroupProxy-4-5] DEBUG Exposed - SELECT BookHistory.id, BookHistory.title, BookHistory.author, BookHistory.summary, BookHistory.isbn, BookHistory.image, BookHistory.rating, BookHistory.publisher, BookHistory.description, BookHistory.create_date, BookHistory.update_date FROM BookHistory WHERE (BookHistory.create_date >= '2022-01-01 00:00:00.000') AND (BookHistory.create_date <= '2022-12-31 23:59:59.000') ORDER BY BookHistory.create_date ASC
2022-04-29 20:02:04.644 [eventLoopGroupProxy-4-6] DEBUG Exposed - SELECT BookHistory.id, BookHistory.title, BookHistory.author, BookHistory.summary, BookHistory.isbn, BookHistory.image, BookHistory.rating, BookHistory.publisher, BookHistory.description, BookHistory.create_date, BookHistory.update_date FROM BookHistory ORDER BY BookHistory.update_date DESC NULLS LAST
2022-04-29 20:02:07.857 [eventLoopGroupProxy-4-6] DEBUG Exposed - SELECT BookHistory.id, BookHistory.title, BookHistory.author, BookHistory.summary, BookHistory.isbn, BookHistory.image, BookHistory.rating, BookHistory.publisher, BookHistory.description, BookHistory.create_date, BookHistory.update_date FROM BookHistory WHERE (BookHistory.create_date >= '2022-01-01 00:00:00.000') AND (BookHistory.create_date <= '2022-12-31 23:59:59.000') ORDER BY BookHistory.create_date ASC
2022-04-29 20:28:49.680 [main] TRACE Application - {
    # application.conf @ file:/Users/minkyung/Desktop/dev/ktor_sample/build/resources/main/application.conf: 6
    "application" : {
        # application.conf @ file:/Users/minkyung/Desktop/dev/ktor_sample/build/resources/main/application.conf: 7
        "modules" : [
            # application.conf @ file:/Users/minkyung/Desktop/dev/ktor_sample/build/resources/main/application.conf: 7
            "com.example.ApplicationKt.module"
        ]
    },
    # application.conf @ file:/Users/minkyung/Desktop/dev/ktor_sample/build/resources/main/application.conf: 2
    "deployment" : {
        # application.conf @ file:/Users/minkyung/Desktop/dev/ktor_sample/build/resources/main/application.conf: 3
        "port" : 8080
    },
    # Content hidden
    "security" : "***"
}

2022-04-29 20:28:49.783 [main] INFO  Application - Autoreload is disabled because the development mode is off.
2022-04-29 20:28:50.537 [main] INFO  Application - Application auto-reloaded in 0.753 seconds.
2022-04-29 20:28:50.882 [DefaultDispatcher-worker-1] INFO  Application - Responding at http://0.0.0.0:8080
2022-04-29 20:33:57.180 [eventLoopGroupProxy-4-3] DEBUG Exposed - SELECT BookHistory.id, BookHistory.title, BookHistory.author, BookHistory.summary, BookHistory.isbn, BookHistory.image, BookHistory.rating, BookHistory.publisher, BookHistory.description, BookHistory.create_date, BookHistory.update_date FROM BookHistory ORDER BY BookHistory.update_date DESC NULLS LAST
2022-04-29 20:34:01.605 [eventLoopGroupProxy-4-3] DEBUG Exposed - SELECT BookHistory.id, BookHistory.title, BookHistory.author, BookHistory.summary, BookHistory.isbn, BookHistory.image, BookHistory.rating, BookHistory.publisher, BookHistory.description, BookHistory.create_date, BookHistory.update_date FROM BookHistory WHERE (BookHistory.create_date >= '2022-01-01 00:00:00.000') AND (BookHistory.create_date <= '2022-12-31 23:59:59.000') ORDER BY BookHistory.create_date ASC
2022-04-29 20:34:05.579 [eventLoopGroupProxy-4-3] DEBUG Exposed - SELECT BookHistory.id, BookHistory.title, BookHistory.author, BookHistory.summary, BookHistory.isbn, BookHistory.image, BookHistory.rating, BookHistory.publisher, BookHistory.description, BookHistory.create_date, BookHistory.update_date FROM BookHistory WHERE BookHistory.isbn = '1187481726 9791187481720'
2022-04-29 21:57:30.239 [eventLoopGroupProxy-4-4] DEBUG Exposed - SELECT BookHistory.id, BookHistory.title, BookHistory.author, BookHistory.summary, BookHistory.isbn, BookHistory.image, BookHistory.rating, BookHistory.publisher, BookHistory.description, BookHistory.create_date, BookHistory.update_date FROM BookHistory ORDER BY BookHistory.update_date DESC NULLS LAST
2022-04-29 21:57:33.141 [eventLoopGroupProxy-4-4] DEBUG Exposed - SELECT BookHistory.id, BookHistory.title, BookHistory.author, BookHistory.summary, BookHistory.isbn, BookHistory.image, BookHistory.rating, BookHistory.publisher, BookHistory.description, BookHistory.create_date, BookHistory.update_date FROM BookHistory WHERE (BookHistory.create_date >= '2022-01-01 00:00:00.000') AND (BookHistory.create_date <= '2022-12-31 23:59:59.000') ORDER BY BookHistory.create_date ASC
2022-04-29 22:04:57.428 [eventLoopGroupProxy-4-5] DEBUG Exposed - SELECT BookHistory.id, BookHistory.title, BookHistory.author, BookHistory.summary, BookHistory.isbn, BookHistory.image, BookHistory.rating, BookHistory.publisher, BookHistory.description, BookHistory.create_date, BookHistory.update_date FROM BookHistory ORDER BY BookHistory.update_date DESC NULLS LAST
2022-04-29 22:07:14.037 [eventLoopGroupProxy-4-6] DEBUG Exposed - SELECT BookHistory.id, BookHistory.title, BookHistory.author, BookHistory.summary, BookHistory.isbn, BookHistory.image, BookHistory.rating, BookHistory.publisher, BookHistory.description, BookHistory.create_date, BookHistory.update_date FROM BookHistory ORDER BY BookHistory.update_date DESC NULLS LAST
2022-04-29 22:08:03.883 [eventLoopGroupProxy-4-6] DEBUG Exposed - SELECT BookHistory.id, BookHistory.title, BookHistory.author, BookHistory.summary, BookHistory.isbn, BookHistory.image, BookHistory.rating, BookHistory.publisher, BookHistory.description, BookHistory.create_date, BookHistory.update_date FROM BookHistory WHERE BookHistory.isbn = '1166570428 9791166570421'
2022-04-29 22:08:10.112 [eventLoopGroupProxy-4-6] DEBUG Exposed - SELECT BookHistory.id, BookHistory.title, BookHistory.author, BookHistory.summary, BookHistory.isbn, BookHistory.image, BookHistory.rating, BookHistory.publisher, BookHistory.description, BookHistory.create_date, BookHistory.update_date FROM BookHistory WHERE (BookHistory.create_date >= '2022-01-01 00:00:00.000') AND (BookHistory.create_date <= '2022-12-31 23:59:59.000') ORDER BY BookHistory.create_date ASC
2022-04-29 22:13:32.576 [eventLoopGroupProxy-4-7] DEBUG Exposed - SELECT BookHistory.id, BookHistory.title, BookHistory.author, BookHistory.summary, BookHistory.isbn, BookHistory.image, BookHistory.rating, BookHistory.publisher, BookHistory.description, BookHistory.create_date, BookHistory.update_date FROM BookHistory ORDER BY BookHistory.update_date DESC NULLS LAST
2022-04-29 22:16:23.130 [eventLoopGroupProxy-4-8] DEBUG Exposed - SELECT BookHistory.id, BookHistory.title, BookHistory.author, BookHistory.summary, BookHistory.isbn, BookHistory.image, BookHistory.rating, BookHistory.publisher, BookHistory.description, BookHistory.create_date, BookHistory.update_date FROM BookHistory ORDER BY BookHistory.update_date DESC NULLS LAST
2022-04-29 22:43:27.015 [eventLoopGroupProxy-4-12] DEBUG Exposed - SELECT BookHistory.id, BookHistory.title, BookHistory.author, BookHistory.summary, BookHistory.isbn, BookHistory.image, BookHistory.rating, BookHistory.publisher, BookHistory.description, BookHistory.create_date, BookHistory.update_date FROM BookHistory ORDER BY BookHistory.update_date DESC NULLS LAST
2022-04-29 22:43:31.176 [eventLoopGroupProxy-4-12] DEBUG Exposed - SELECT BookHistory.id, BookHistory.title, BookHistory.author, BookHistory.summary, BookHistory.isbn, BookHistory.image, BookHistory.rating, BookHistory.publisher, BookHistory.description, BookHistory.create_date, BookHistory.update_date FROM BookHistory WHERE (BookHistory.create_date >= '2022-01-01 00:00:00.000') AND (BookHistory.create_date <= '2022-12-31 23:59:59.000') ORDER BY BookHistory.create_date ASC
2022-04-29 22:47:41.935 [eventLoopGroupProxy-4-1] DEBUG Exposed - SELECT BookHistory.id, BookHistory.title, BookHistory.author, BookHistory.summary, BookHistory.isbn, BookHistory.image, BookHistory.rating, BookHistory.publisher, BookHistory.description, BookHistory.create_date, BookHistory.update_date FROM BookHistory ORDER BY BookHistory.update_date DESC NULLS LAST
2022-04-29 22:48:18.334 [eventLoopGroupProxy-4-2] DEBUG Exposed - SELECT BookHistory.id, BookHistory.title, BookHistory.author, BookHistory.summary, BookHistory.isbn, BookHistory.image, BookHistory.rating, BookHistory.publisher, BookHistory.description, BookHistory.create_date, BookHistory.update_date FROM BookHistory ORDER BY BookHistory.update_date DESC NULLS LAST
2022-04-29 22:49:02.981 [eventLoopGroupProxy-4-1] DEBUG Exposed - SELECT BookHistory.id, BookHistory.title, BookHistory.author, BookHistory.summary, BookHistory.isbn, BookHistory.image, BookHistory.rating, BookHistory.publisher, BookHistory.description, BookHistory.create_date, BookHistory.update_date FROM BookHistory ORDER BY BookHistory.update_date DESC NULLS LAST
2022-04-29 22:52:24.157 [eventLoopGroupProxy-4-3] DEBUG Exposed - SELECT BookHistory.id, BookHistory.title, BookHistory.author, BookHistory.summary, BookHistory.isbn, BookHistory.image, BookHistory.rating, BookHistory.publisher, BookHistory.description, BookHistory.create_date, BookHistory.update_date FROM BookHistory ORDER BY BookHistory.update_date DESC NULLS LAST
2022-04-29 22:52:28.227 [eventLoopGroupProxy-4-3] DEBUG Exposed - SELECT BookHistory.id, BookHistory.title, BookHistory.author, BookHistory.summary, BookHistory.isbn, BookHistory.image, BookHistory.rating, BookHistory.publisher, BookHistory.description, BookHistory.create_date, BookHistory.update_date FROM BookHistory WHERE (BookHistory.create_date >= '2022-01-01 00:00:00.000') AND (BookHistory.create_date <= '2022-12-31 23:59:59.000') ORDER BY BookHistory.create_date ASC
2022-04-29 22:56:18.107 [eventLoopGroupProxy-4-4] DEBUG Exposed - SELECT BookHistory.id, BookHistory.title, BookHistory.author, BookHistory.summary, BookHistory.isbn, BookHistory.image, BookHistory.rating, BookHistory.publisher, BookHistory.description, BookHistory.create_date, BookHistory.update_date FROM BookHistory ORDER BY BookHistory.update_date DESC NULLS LAST
