2022-02-15 10:12:19.274 [main] TRACE Application - {
    # application.conf @ file:/Users/lsh/Desktop/dev/ktor/ktor_sample/build/resources/main/application.conf: 7
    "application" : {
        # application.conf @ file:/Users/lsh/Desktop/dev/ktor/ktor_sample/build/resources/main/application.conf: 8
        "modules" : [
            # application.conf @ file:/Users/lsh/Desktop/dev/ktor/ktor_sample/build/resources/main/application.conf: 8
            "com.example.ApplicationKt.module"
        ]
    },
    # application.conf @ file:/Users/lsh/Desktop/dev/ktor/ktor_sample/build/resources/main/application.conf: 2
    "deployment" : {
        # application.conf @ file:/Users/lsh/Desktop/dev/ktor/ktor_sample/build/resources/main/application.conf: 3
        "port" : 8080,
        # application.conf @ file:/Users/lsh/Desktop/dev/ktor/ktor_sample/build/resources/main/application.conf: 4
        "test" : "lsh"
    },
    # Content hidden
    "security" : "***"
}

2022-02-15 10:12:19.530 [main] INFO  Application - Autoreload is disabled because the development mode is off.
2022-02-15 10:12:20.991 [main] INFO  Application - Application auto-reloaded in 1.459 seconds.
2022-02-15 10:12:21.343 [DefaultDispatcher-worker-1] INFO  Application - Responding at http://0.0.0.0:8080
2022-02-15 10:17:16.426 [eventLoopGroupProxy-4-4] DEBUG Exposed - SELECT book_rating.id, book_rating.title, book_rating.author, book_rating.summary, book_rating.isbn, book_rating.image_url, book_rating.rating, book_rating.create_date, book_rating.update_date FROM book_rating ORDER BY book_rating.update_date DESC NULLS LAST
2022-02-15 11:26:58.835 [eventLoopGroupProxy-4-5] DEBUG Exposed - SELECT book_rating.id, book_rating.title, book_rating.author, book_rating.summary, book_rating.isbn, book_rating.image_url, book_rating.rating, book_rating.create_date, book_rating.update_date FROM book_rating ORDER BY book_rating.update_date DESC NULLS LAST
2022-02-15 11:27:20.126 [eventLoopGroupProxy-4-5] DEBUG Exposed - SELECT book_rating.id, book_rating.title, book_rating.author, book_rating.summary, book_rating.isbn, book_rating.image_url, book_rating.rating, book_rating.create_date, book_rating.update_date FROM book_rating ORDER BY book_rating.update_date DESC NULLS LAST
2022-02-15 11:28:10.507 [eventLoopGroupProxy-4-5] DEBUG Exposed - SELECT book_rating.id, book_rating.title, book_rating.author, book_rating.summary, book_rating.isbn, book_rating.image_url, book_rating.rating, book_rating.create_date, book_rating.update_date FROM book_rating ORDER BY book_rating.update_date DESC NULLS LAST
2022-02-15 11:31:08.483 [eventLoopGroupProxy-4-5] DEBUG Exposed - SELECT book_rating.id, book_rating.title, book_rating.author, book_rating.summary, book_rating.isbn, book_rating.image_url, book_rating.rating, book_rating.create_date, book_rating.update_date FROM book_rating ORDER BY book_rating.update_date DESC NULLS LAST
2022-02-15 11:34:24.699 [eventLoopGroupProxy-4-6] DEBUG Exposed - SELECT book_rating.id, book_rating.title, book_rating.author, book_rating.summary, book_rating.isbn, book_rating.image_url, book_rating.rating, book_rating.create_date, book_rating.update_date FROM book_rating ORDER BY book_rating.update_date DESC NULLS LAST
2022-02-15 11:35:34.012 [eventLoopGroupProxy-4-6] DEBUG Exposed - SELECT book_rating.id, book_rating.title, book_rating.author, book_rating.summary, book_rating.isbn, book_rating.image_url, book_rating.rating, book_rating.create_date, book_rating.update_date FROM book_rating ORDER BY book_rating.update_date DESC NULLS LAST
2022-02-15 11:38:26.360 [eventLoopGroupProxy-4-7] DEBUG Exposed - SELECT book_rating.id, book_rating.title, book_rating.author, book_rating.summary, book_rating.isbn, book_rating.image_url, book_rating.rating, book_rating.create_date, book_rating.update_date FROM book_rating ORDER BY book_rating.update_date DESC NULLS LAST
2022-02-15 11:38:43.043 [eventLoopGroupProxy-4-8] DEBUG Exposed - SELECT book_rating.id, book_rating.title, book_rating.author, book_rating.summary, book_rating.isbn, book_rating.image_url, book_rating.rating, book_rating.create_date, book_rating.update_date FROM book_rating ORDER BY book_rating.update_date DESC NULLS LAST
2022-02-15 11:39:03.439 [eventLoopGroupProxy-4-8] DEBUG Exposed - SELECT book_rating.id, book_rating.title, book_rating.author, book_rating.summary, book_rating.isbn, book_rating.image_url, book_rating.rating, book_rating.create_date, book_rating.update_date FROM book_rating ORDER BY book_rating.update_date DESC NULLS LAST
2022-02-15 11:39:10.281 [eventLoopGroupProxy-4-8] DEBUG Exposed - SELECT book_rating.id, book_rating.title, book_rating.author, book_rating.summary, book_rating.isbn, book_rating.image_url, book_rating.rating, book_rating.create_date, book_rating.update_date FROM book_rating ORDER BY book_rating.update_date DESC NULLS LAST
2022-02-15 11:42:53.139 [eventLoopGroupProxy-4-8] DEBUG Exposed - SELECT book_rating.id, book_rating.title, book_rating.author, book_rating.summary, book_rating.isbn, book_rating.image_url, book_rating.rating, book_rating.create_date, book_rating.update_date FROM book_rating ORDER BY book_rating.update_date DESC NULLS LAST
2022-02-15 11:43:46.040 [eventLoopGroupProxy-4-8] DEBUG Exposed - SELECT book_rating.id, book_rating.title, book_rating.author, book_rating.summary, book_rating.isbn, book_rating.image_url, book_rating.rating, book_rating.create_date, book_rating.update_date FROM book_rating ORDER BY book_rating.update_date DESC NULLS LAST
2022-02-15 11:44:12.973 [eventLoopGroupProxy-4-8] DEBUG Exposed - SELECT book_rating.id, book_rating.title, book_rating.author, book_rating.summary, book_rating.isbn, book_rating.image_url, book_rating.rating, book_rating.create_date, book_rating.update_date FROM book_rating ORDER BY book_rating.update_date DESC NULLS LAST
2022-02-15 11:48:59.692 [eventLoopGroupProxy-4-9] DEBUG Exposed - SELECT book_rating.id, book_rating.title, book_rating.author, book_rating.summary, book_rating.isbn, book_rating.image_url, book_rating.rating, book_rating.create_date, book_rating.update_date FROM book_rating ORDER BY book_rating.update_date DESC NULLS LAST
2022-02-15 11:50:04.234 [eventLoopGroupProxy-4-10] DEBUG Exposed - SELECT book_rating.id, book_rating.title, book_rating.author, book_rating.summary, book_rating.isbn, book_rating.image_url, book_rating.rating, book_rating.create_date, book_rating.update_date FROM book_rating ORDER BY book_rating.update_date DESC NULLS LAST
2022-02-15 11:50:54.886 [eventLoopGroupProxy-4-11] DEBUG Exposed - SELECT book_rating.id, book_rating.title, book_rating.author, book_rating.summary, book_rating.isbn, book_rating.image_url, book_rating.rating, book_rating.create_date, book_rating.update_date FROM book_rating ORDER BY book_rating.update_date DESC NULLS LAST
2022-02-15 11:53:16.293 [eventLoopGroupProxy-4-11] DEBUG Exposed - SELECT book_rating.id, book_rating.title, book_rating.author, book_rating.summary, book_rating.isbn, book_rating.image_url, book_rating.rating, book_rating.create_date, book_rating.update_date FROM book_rating ORDER BY book_rating.update_date DESC NULLS LAST
2022-02-15 11:54:14.247 [eventLoopGroupProxy-4-11] DEBUG Exposed - SELECT book_rating.id, book_rating.title, book_rating.author, book_rating.summary, book_rating.isbn, book_rating.image_url, book_rating.rating, book_rating.create_date, book_rating.update_date FROM book_rating ORDER BY book_rating.update_date DESC NULLS LAST
2022-02-15 11:55:03.824 [eventLoopGroupProxy-4-12] DEBUG Exposed - SELECT book_rating.id, book_rating.title, book_rating.author, book_rating.summary, book_rating.isbn, book_rating.image_url, book_rating.rating, book_rating.create_date, book_rating.update_date FROM book_rating ORDER BY book_rating.update_date DESC NULLS LAST
2022-02-15 11:55:30.532 [eventLoopGroupProxy-4-12] DEBUG Exposed - SELECT book_rating.id, book_rating.title, book_rating.author, book_rating.summary, book_rating.isbn, book_rating.image_url, book_rating.rating, book_rating.create_date, book_rating.update_date FROM book_rating ORDER BY book_rating.update_date DESC NULLS LAST
2022-02-15 11:56:22.653 [eventLoopGroupProxy-4-12] DEBUG Exposed - SELECT book_rating.id, book_rating.title, book_rating.author, book_rating.summary, book_rating.isbn, book_rating.image_url, book_rating.rating, book_rating.create_date, book_rating.update_date FROM book_rating ORDER BY book_rating.update_date DESC NULLS LAST
2022-02-15 11:57:36.600 [eventLoopGroupProxy-4-12] DEBUG Exposed - SELECT book_rating.id, book_rating.title, book_rating.author, book_rating.summary, book_rating.isbn, book_rating.image_url, book_rating.rating, book_rating.create_date, book_rating.update_date FROM book_rating ORDER BY book_rating.update_date DESC NULLS LAST
2022-02-15 11:59:08.362 [eventLoopGroupProxy-4-1] DEBUG Exposed - SELECT book_rating.id, book_rating.title, book_rating.author, book_rating.summary, book_rating.isbn, book_rating.image_url, book_rating.rating, book_rating.create_date, book_rating.update_date FROM book_rating ORDER BY book_rating.update_date DESC NULLS LAST
2022-02-15 11:59:19.629 [eventLoopGroupProxy-4-12] DEBUG Exposed - SELECT book_rating.id, book_rating.title, book_rating.author, book_rating.summary, book_rating.isbn, book_rating.image_url, book_rating.rating, book_rating.create_date, book_rating.update_date FROM book_rating ORDER BY book_rating.update_date DESC NULLS LAST
2022-02-15 12:19:16.893 [eventLoopGroupProxy-4-2] DEBUG Exposed - SELECT book_rating.id, book_rating.title, book_rating.author, book_rating.summary, book_rating.isbn, book_rating.image_url, book_rating.rating, book_rating.create_date, book_rating.update_date FROM book_rating ORDER BY book_rating.update_date DESC NULLS LAST
2022-02-15 12:19:18.527 [eventLoopGroupProxy-4-2] DEBUG Exposed - SELECT book_rating.id, book_rating.title, book_rating.author, book_rating.summary, book_rating.isbn, book_rating.image_url, book_rating.rating, book_rating.create_date, book_rating.update_date FROM book_rating ORDER BY book_rating.update_date DESC NULLS LAST
2022-02-15 12:24:21.439 [eventLoopGroupProxy-4-3] DEBUG Exposed - SELECT book_rating.id, book_rating.title, book_rating.author, book_rating.summary, book_rating.isbn, book_rating.image_url, book_rating.rating, book_rating.create_date, book_rating.update_date FROM book_rating ORDER BY book_rating.update_date DESC NULLS LAST
2022-02-15 13:37:54.666 [eventLoopGroupProxy-4-7] DEBUG Exposed - SELECT book_rating.id, book_rating.title, book_rating.author, book_rating.summary, book_rating.isbn, book_rating.image_url, book_rating.rating, book_rating.create_date, book_rating.update_date FROM book_rating ORDER BY book_rating.update_date DESC NULLS LAST
2022-02-15 13:47:27.181 [eventLoopGroupProxy-4-9] DEBUG Exposed - SELECT book_rating.id, book_rating.title, book_rating.author, book_rating.summary, book_rating.isbn, book_rating.image_url, book_rating.rating, book_rating.create_date, book_rating.update_date FROM book_rating ORDER BY book_rating.update_date DESC NULLS LAST
2022-02-15 13:48:25.237 [eventLoopGroupProxy-4-9] DEBUG Exposed - SELECT book_rating.id, book_rating.title, book_rating.author, book_rating.summary, book_rating.isbn, book_rating.image_url, book_rating.rating, book_rating.create_date, book_rating.update_date FROM book_rating ORDER BY book_rating.update_date DESC NULLS LAST
2022-02-15 13:48:42.952 [eventLoopGroupProxy-4-9] DEBUG Exposed - SELECT book_rating.id, book_rating.title, book_rating.author, book_rating.summary, book_rating.isbn, book_rating.image_url, book_rating.rating, book_rating.create_date, book_rating.update_date FROM book_rating ORDER BY book_rating.update_date DESC NULLS LAST
2022-02-15 13:49:10.498 [eventLoopGroupProxy-4-9] DEBUG Exposed - SELECT book_rating.id, book_rating.title, book_rating.author, book_rating.summary, book_rating.isbn, book_rating.image_url, book_rating.rating, book_rating.create_date, book_rating.update_date FROM book_rating ORDER BY book_rating.update_date DESC NULLS LAST
2022-02-15 13:49:41.729 [eventLoopGroupProxy-4-9] DEBUG Exposed - SELECT book_rating.id, book_rating.title, book_rating.author, book_rating.summary, book_rating.isbn, book_rating.image_url, book_rating.rating, book_rating.create_date, book_rating.update_date FROM book_rating ORDER BY book_rating.update_date DESC NULLS LAST
2022-02-15 13:50:17.975 [eventLoopGroupProxy-4-9] DEBUG Exposed - SELECT book_rating.id, book_rating.title, book_rating.author, book_rating.summary, book_rating.isbn, book_rating.image_url, book_rating.rating, book_rating.create_date, book_rating.update_date FROM book_rating ORDER BY book_rating.update_date DESC NULLS LAST
2022-02-15 13:50:46.855 [eventLoopGroupProxy-4-9] DEBUG Exposed - SELECT book_rating.id, book_rating.title, book_rating.author, book_rating.summary, book_rating.isbn, book_rating.image_url, book_rating.rating, book_rating.create_date, book_rating.update_date FROM book_rating ORDER BY book_rating.update_date DESC NULLS LAST
2022-02-15 13:51:16.039 [eventLoopGroupProxy-4-9] DEBUG Exposed - SELECT book_rating.id, book_rating.title, book_rating.author, book_rating.summary, book_rating.isbn, book_rating.image_url, book_rating.rating, book_rating.create_date, book_rating.update_date FROM book_rating ORDER BY book_rating.update_date DESC NULLS LAST
2022-02-15 13:53:25.062 [eventLoopGroupProxy-4-9] DEBUG Exposed - SELECT book_rating.id, book_rating.title, book_rating.author, book_rating.summary, book_rating.isbn, book_rating.image_url, book_rating.rating, book_rating.create_date, book_rating.update_date FROM book_rating ORDER BY book_rating.update_date DESC NULLS LAST
2022-02-15 13:54:42.476 [eventLoopGroupProxy-4-9] DEBUG Exposed - SELECT book_rating.id, book_rating.title, book_rating.author, book_rating.summary, book_rating.isbn, book_rating.image_url, book_rating.rating, book_rating.create_date, book_rating.update_date FROM book_rating ORDER BY book_rating.update_date DESC NULLS LAST
2022-02-15 13:55:13.503 [eventLoopGroupProxy-4-9] DEBUG Exposed - SELECT book_rating.id, book_rating.title, book_rating.author, book_rating.summary, book_rating.isbn, book_rating.image_url, book_rating.rating, book_rating.create_date, book_rating.update_date FROM book_rating ORDER BY book_rating.update_date DESC NULLS LAST
2022-02-15 14:00:00.760 [eventLoopGroupProxy-4-9] DEBUG Exposed - SELECT book_rating.id, book_rating.title, book_rating.author, book_rating.summary, book_rating.isbn, book_rating.image_url, book_rating.rating, book_rating.create_date, book_rating.update_date FROM book_rating ORDER BY book_rating.update_date DESC NULLS LAST
2022-02-15 14:00:37.317 [eventLoopGroupProxy-4-9] DEBUG Exposed - SELECT book_rating.id, book_rating.title, book_rating.author, book_rating.summary, book_rating.isbn, book_rating.image_url, book_rating.rating, book_rating.create_date, book_rating.update_date FROM book_rating ORDER BY book_rating.update_date DESC NULLS LAST
2022-02-15 14:01:16.843 [eventLoopGroupProxy-4-9] DEBUG Exposed - SELECT book_rating.id, book_rating.title, book_rating.author, book_rating.summary, book_rating.isbn, book_rating.image_url, book_rating.rating, book_rating.create_date, book_rating.update_date FROM book_rating ORDER BY book_rating.update_date DESC NULLS LAST
2022-02-15 14:01:52.478 [eventLoopGroupProxy-4-9] DEBUG Exposed - SELECT book_rating.id, book_rating.title, book_rating.author, book_rating.summary, book_rating.isbn, book_rating.image_url, book_rating.rating, book_rating.create_date, book_rating.update_date FROM book_rating ORDER BY book_rating.update_date DESC NULLS LAST
2022-02-15 14:02:05.502 [eventLoopGroupProxy-4-9] DEBUG Exposed - SELECT book_rating.id, book_rating.title, book_rating.author, book_rating.summary, book_rating.isbn, book_rating.image_url, book_rating.rating, book_rating.create_date, book_rating.update_date FROM book_rating ORDER BY book_rating.update_date DESC NULLS LAST
2022-02-15 14:03:37.130 [eventLoopGroupProxy-4-9] DEBUG Exposed - SELECT book_rating.id, book_rating.title, book_rating.author, book_rating.summary, book_rating.isbn, book_rating.image_url, book_rating.rating, book_rating.create_date, book_rating.update_date FROM book_rating ORDER BY book_rating.update_date DESC NULLS LAST
2022-02-15 14:04:09.488 [eventLoopGroupProxy-4-9] DEBUG Exposed - SELECT book_rating.id, book_rating.title, book_rating.author, book_rating.summary, book_rating.isbn, book_rating.image_url, book_rating.rating, book_rating.create_date, book_rating.update_date FROM book_rating ORDER BY book_rating.update_date DESC NULLS LAST
2022-02-15 14:04:58.320 [eventLoopGroupProxy-4-9] DEBUG Exposed - SELECT book_rating.id, book_rating.title, book_rating.author, book_rating.summary, book_rating.isbn, book_rating.image_url, book_rating.rating, book_rating.create_date, book_rating.update_date FROM book_rating ORDER BY book_rating.update_date DESC NULLS LAST
2022-02-15 14:05:07.958 [eventLoopGroupProxy-4-9] DEBUG Exposed - SELECT book_rating.id, book_rating.title, book_rating.author, book_rating.summary, book_rating.isbn, book_rating.image_url, book_rating.rating, book_rating.create_date, book_rating.update_date FROM book_rating ORDER BY book_rating.update_date DESC NULLS LAST
2022-02-15 14:05:54.754 [eventLoopGroupProxy-4-9] DEBUG Exposed - SELECT book_rating.id, book_rating.title, book_rating.author, book_rating.summary, book_rating.isbn, book_rating.image_url, book_rating.rating, book_rating.create_date, book_rating.update_date FROM book_rating ORDER BY book_rating.update_date DESC NULLS LAST
2022-02-15 14:08:03.982 [eventLoopGroupProxy-4-9] DEBUG Exposed - SELECT book_rating.id, book_rating.title, book_rating.author, book_rating.summary, book_rating.isbn, book_rating.image_url, book_rating.rating, book_rating.create_date, book_rating.update_date FROM book_rating ORDER BY book_rating.update_date DESC NULLS LAST
2022-02-15 14:14:14.160 [eventLoopGroupProxy-4-10] DEBUG Exposed - SELECT book_rating.id, book_rating.title, book_rating.author, book_rating.summary, book_rating.isbn, book_rating.image_url, book_rating.rating, book_rating.create_date, book_rating.update_date FROM book_rating ORDER BY book_rating.update_date DESC NULLS LAST
2022-02-15 14:15:14.372 [eventLoopGroupProxy-4-11] DEBUG Exposed - SELECT book_rating.id, book_rating.title, book_rating.author, book_rating.summary, book_rating.isbn, book_rating.image_url, book_rating.rating, book_rating.create_date, book_rating.update_date FROM book_rating ORDER BY book_rating.update_date DESC NULLS LAST
2022-02-15 14:16:39.973 [eventLoopGroupProxy-4-10] DEBUG Exposed - SELECT book_rating.id, book_rating.title, book_rating.author, book_rating.summary, book_rating.isbn, book_rating.image_url, book_rating.rating, book_rating.create_date, book_rating.update_date FROM book_rating ORDER BY book_rating.update_date DESC NULLS LAST
2022-02-15 14:16:59.021 [eventLoopGroupProxy-4-10] DEBUG Exposed - SELECT book_rating.id, book_rating.title, book_rating.author, book_rating.summary, book_rating.isbn, book_rating.image_url, book_rating.rating, book_rating.create_date, book_rating.update_date FROM book_rating ORDER BY book_rating.update_date DESC NULLS LAST
2022-02-15 14:17:58.105 [eventLoopGroupProxy-4-10] DEBUG Exposed - SELECT book_rating.id, book_rating.title, book_rating.author, book_rating.summary, book_rating.isbn, book_rating.image_url, book_rating.rating, book_rating.create_date, book_rating.update_date FROM book_rating ORDER BY book_rating.update_date DESC NULLS LAST
2022-02-15 14:18:52.171 [eventLoopGroupProxy-4-10] DEBUG Exposed - SELECT book_rating.id, book_rating.title, book_rating.author, book_rating.summary, book_rating.isbn, book_rating.image_url, book_rating.rating, book_rating.create_date, book_rating.update_date FROM book_rating ORDER BY book_rating.update_date DESC NULLS LAST
2022-02-15 14:21:11.843 [eventLoopGroupProxy-4-10] DEBUG Exposed - SELECT book_rating.id, book_rating.title, book_rating.author, book_rating.summary, book_rating.isbn, book_rating.image_url, book_rating.rating, book_rating.create_date, book_rating.update_date FROM book_rating ORDER BY book_rating.update_date DESC NULLS LAST
2022-02-15 14:23:55.886 [eventLoopGroupProxy-4-10] DEBUG Exposed - SELECT book_rating.id, book_rating.title, book_rating.author, book_rating.summary, book_rating.isbn, book_rating.image_url, book_rating.rating, book_rating.create_date, book_rating.update_date FROM book_rating ORDER BY book_rating.update_date DESC NULLS LAST
2022-02-15 14:24:56.199 [eventLoopGroupProxy-4-10] DEBUG Exposed - SELECT book_rating.id, book_rating.title, book_rating.author, book_rating.summary, book_rating.isbn, book_rating.image_url, book_rating.rating, book_rating.create_date, book_rating.update_date FROM book_rating ORDER BY book_rating.update_date DESC NULLS LAST
2022-02-15 14:26:06.132 [eventLoopGroupProxy-4-10] DEBUG Exposed - SELECT book_rating.id, book_rating.title, book_rating.author, book_rating.summary, book_rating.isbn, book_rating.image_url, book_rating.rating, book_rating.create_date, book_rating.update_date FROM book_rating ORDER BY book_rating.update_date DESC NULLS LAST
2022-02-15 14:27:12.985 [eventLoopGroupProxy-4-10] DEBUG Exposed - SELECT book_rating.id, book_rating.title, book_rating.author, book_rating.summary, book_rating.isbn, book_rating.image_url, book_rating.rating, book_rating.create_date, book_rating.update_date FROM book_rating ORDER BY book_rating.update_date DESC NULLS LAST
2022-02-15 14:27:18.003 [eventLoopGroupProxy-4-10] DEBUG Exposed - SELECT book_rating.id, book_rating.title, book_rating.author, book_rating.summary, book_rating.isbn, book_rating.image_url, book_rating.rating, book_rating.create_date, book_rating.update_date FROM book_rating ORDER BY book_rating.update_date DESC NULLS LAST
2022-02-15 14:28:49.039 [eventLoopGroupProxy-4-12] DEBUG Exposed - SELECT book_rating.id, book_rating.title, book_rating.author, book_rating.summary, book_rating.isbn, book_rating.image_url, book_rating.rating, book_rating.create_date, book_rating.update_date FROM book_rating ORDER BY book_rating.update_date DESC NULLS LAST
2022-02-15 14:30:18.839 [eventLoopGroupProxy-4-12] DEBUG Exposed - SELECT book_rating.id, book_rating.title, book_rating.author, book_rating.summary, book_rating.isbn, book_rating.image_url, book_rating.rating, book_rating.create_date, book_rating.update_date FROM book_rating ORDER BY book_rating.update_date DESC NULLS LAST
2022-02-15 14:31:04.612 [eventLoopGroupProxy-4-1] DEBUG Exposed - SELECT book_rating.id, book_rating.title, book_rating.author, book_rating.summary, book_rating.isbn, book_rating.image_url, book_rating.rating, book_rating.create_date, book_rating.update_date FROM book_rating ORDER BY book_rating.update_date DESC NULLS LAST
2022-02-15 14:32:48.441 [eventLoopGroupProxy-4-12] DEBUG Exposed - SELECT book_rating.id, book_rating.title, book_rating.author, book_rating.summary, book_rating.isbn, book_rating.image_url, book_rating.rating, book_rating.create_date, book_rating.update_date FROM book_rating ORDER BY book_rating.update_date DESC NULLS LAST
2022-02-15 14:33:37.179 [eventLoopGroupProxy-4-12] DEBUG Exposed - SELECT book_rating.id, book_rating.title, book_rating.author, book_rating.summary, book_rating.isbn, book_rating.image_url, book_rating.rating, book_rating.create_date, book_rating.update_date FROM book_rating ORDER BY book_rating.update_date DESC NULLS LAST
2022-02-15 14:33:58.993 [eventLoopGroupProxy-4-12] DEBUG Exposed - SELECT book_rating.id, book_rating.title, book_rating.author, book_rating.summary, book_rating.isbn, book_rating.image_url, book_rating.rating, book_rating.create_date, book_rating.update_date FROM book_rating ORDER BY book_rating.update_date DESC NULLS LAST
2022-02-15 14:43:50.037 [eventLoopGroupProxy-4-2] DEBUG Exposed - SELECT book_rating.id, book_rating.title, book_rating.author, book_rating.summary, book_rating.isbn, book_rating.image_url, book_rating.rating, book_rating.create_date, book_rating.update_date FROM book_rating ORDER BY book_rating.update_date DESC NULLS LAST
2022-02-15 14:56:20.408 [eventLoopGroupProxy-4-4] DEBUG Exposed - SELECT book_rating.id, book_rating.title, book_rating.author, book_rating.summary, book_rating.isbn, book_rating.image_url, book_rating.rating, book_rating.create_date, book_rating.update_date FROM book_rating ORDER BY book_rating.update_date DESC NULLS LAST
2022-02-15 14:58:17.754 [eventLoopGroupProxy-4-4] DEBUG Exposed - SELECT book_rating.id, book_rating.title, book_rating.author, book_rating.summary, book_rating.isbn, book_rating.image_url, book_rating.rating, book_rating.create_date, book_rating.update_date FROM book_rating ORDER BY book_rating.update_date DESC NULLS LAST
2022-02-15 15:11:29.451 [eventLoopGroupProxy-4-5] DEBUG Exposed - SELECT book_rating.id, book_rating.title, book_rating.author, book_rating.summary, book_rating.isbn, book_rating.image_url, book_rating.rating, book_rating.create_date, book_rating.update_date FROM book_rating ORDER BY book_rating.update_date DESC NULLS LAST
2022-02-15 15:11:31.496 [eventLoopGroupProxy-4-6] DEBUG Exposed - SELECT book_rating.id, book_rating.title, book_rating.author, book_rating.summary, book_rating.isbn, book_rating.image_url, book_rating.rating, book_rating.create_date, book_rating.update_date FROM book_rating ORDER BY book_rating.update_date DESC NULLS LAST
2022-02-15 15:23:18.775 [eventLoopGroupProxy-4-7] DEBUG Exposed - SELECT book_rating.id, book_rating.title, book_rating.author, book_rating.summary, book_rating.isbn, book_rating.image_url, book_rating.rating, book_rating.create_date, book_rating.update_date FROM book_rating ORDER BY book_rating.update_date DESC NULLS LAST
2022-02-15 15:25:20.421 [eventLoopGroupProxy-4-7] DEBUG Exposed - SELECT book_rating.id, book_rating.title, book_rating.author, book_rating.summary, book_rating.isbn, book_rating.image_url, book_rating.rating, book_rating.create_date, book_rating.update_date FROM book_rating ORDER BY book_rating.update_date DESC NULLS LAST
2022-02-15 15:43:46.526 [eventLoopGroupProxy-4-8] DEBUG Exposed - SELECT book_rating.id, book_rating.title, book_rating.author, book_rating.summary, book_rating.isbn, book_rating.image_url, book_rating.rating, book_rating.create_date, book_rating.update_date FROM book_rating ORDER BY book_rating.update_date DESC NULLS LAST
2022-02-15 15:45:34.042 [eventLoopGroupProxy-4-9] DEBUG Exposed - SELECT book_rating.id, book_rating.title, book_rating.author, book_rating.summary, book_rating.isbn, book_rating.image_url, book_rating.rating, book_rating.create_date, book_rating.update_date FROM book_rating ORDER BY book_rating.update_date DESC NULLS LAST
2022-02-15 15:46:24.623 [eventLoopGroupProxy-4-9] DEBUG Exposed - SELECT book_rating.id, book_rating.title, book_rating.author, book_rating.summary, book_rating.isbn, book_rating.image_url, book_rating.rating, book_rating.create_date, book_rating.update_date FROM book_rating ORDER BY book_rating.update_date DESC NULLS LAST
2022-02-15 15:51:02.304 [eventLoopGroupProxy-4-9] DEBUG Exposed - SELECT book_rating.id, book_rating.title, book_rating.author, book_rating.summary, book_rating.isbn, book_rating.image_url, book_rating.rating, book_rating.create_date, book_rating.update_date FROM book_rating ORDER BY book_rating.update_date DESC NULLS LAST
2022-02-15 16:00:31.201 [eventLoopGroupProxy-4-10] DEBUG Exposed - SELECT book_rating.id, book_rating.title, book_rating.author, book_rating.summary, book_rating.isbn, book_rating.image_url, book_rating.rating, book_rating.create_date, book_rating.update_date FROM book_rating ORDER BY book_rating.update_date DESC NULLS LAST
2022-02-15 16:01:14.616 [eventLoopGroupProxy-4-11] DEBUG Exposed - SELECT book_rating.id, book_rating.title, book_rating.author, book_rating.summary, book_rating.isbn, book_rating.image_url, book_rating.rating, book_rating.create_date, book_rating.update_date FROM book_rating ORDER BY book_rating.update_date DESC NULLS LAST
2022-02-15 16:05:10.024 [eventLoopGroupProxy-4-11] DEBUG Exposed - SELECT book_rating.id, book_rating.title, book_rating.author, book_rating.summary, book_rating.isbn, book_rating.image_url, book_rating.rating, book_rating.create_date, book_rating.update_date FROM book_rating ORDER BY book_rating.update_date DESC NULLS LAST
2022-02-15 16:06:14.918 [eventLoopGroupProxy-4-11] DEBUG Exposed - SELECT book_rating.id, book_rating.title, book_rating.author, book_rating.summary, book_rating.isbn, book_rating.image_url, book_rating.rating, book_rating.create_date, book_rating.update_date FROM book_rating ORDER BY book_rating.update_date DESC NULLS LAST
2022-02-15 16:06:15.296 [eventLoopGroupProxy-4-11] DEBUG Exposed - SELECT book_rating.id, book_rating.title, book_rating.author, book_rating.summary, book_rating.isbn, book_rating.image_url, book_rating.rating, book_rating.create_date, book_rating.update_date FROM book_rating ORDER BY book_rating.update_date DESC NULLS LAST
2022-02-15 16:06:20.580 [eventLoopGroupProxy-4-11] DEBUG Exposed - SELECT book_rating.id, book_rating.title, book_rating.author, book_rating.summary, book_rating.isbn, book_rating.image_url, book_rating.rating, book_rating.create_date, book_rating.update_date FROM book_rating ORDER BY book_rating.update_date DESC NULLS LAST
2022-02-15 16:06:20.967 [eventLoopGroupProxy-4-11] DEBUG Exposed - SELECT book_rating.id, book_rating.title, book_rating.author, book_rating.summary, book_rating.isbn, book_rating.image_url, book_rating.rating, book_rating.create_date, book_rating.update_date FROM book_rating ORDER BY book_rating.update_date DESC NULLS LAST
2022-02-15 16:06:26.825 [eventLoopGroupProxy-4-11] DEBUG Exposed - SELECT book_rating.id, book_rating.title, book_rating.author, book_rating.summary, book_rating.isbn, book_rating.image_url, book_rating.rating, book_rating.create_date, book_rating.update_date FROM book_rating ORDER BY book_rating.update_date DESC NULLS LAST
2022-02-15 16:06:27.205 [eventLoopGroupProxy-4-11] DEBUG Exposed - SELECT book_rating.id, book_rating.title, book_rating.author, book_rating.summary, book_rating.isbn, book_rating.image_url, book_rating.rating, book_rating.create_date, book_rating.update_date FROM book_rating ORDER BY book_rating.update_date DESC NULLS LAST
2022-02-15 16:08:46.291 [eventLoopGroupProxy-4-11] DEBUG Exposed - SELECT book_rating.id, book_rating.title, book_rating.author, book_rating.summary, book_rating.isbn, book_rating.image_url, book_rating.rating, book_rating.create_date, book_rating.update_date FROM book_rating ORDER BY book_rating.update_date DESC NULLS LAST
2022-02-15 16:08:46.667 [eventLoopGroupProxy-4-11] DEBUG Exposed - SELECT book_rating.id, book_rating.title, book_rating.author, book_rating.summary, book_rating.isbn, book_rating.image_url, book_rating.rating, book_rating.create_date, book_rating.update_date FROM book_rating ORDER BY book_rating.update_date DESC NULLS LAST
2022-02-15 16:10:24.827 [eventLoopGroupProxy-4-11] DEBUG Exposed - SELECT book_rating.id, book_rating.title, book_rating.author, book_rating.summary, book_rating.isbn, book_rating.image_url, book_rating.rating, book_rating.create_date, book_rating.update_date FROM book_rating ORDER BY book_rating.update_date DESC NULLS LAST
2022-02-15 16:10:25.203 [eventLoopGroupProxy-4-11] DEBUG Exposed - SELECT book_rating.id, book_rating.title, book_rating.author, book_rating.summary, book_rating.isbn, book_rating.image_url, book_rating.rating, book_rating.create_date, book_rating.update_date FROM book_rating ORDER BY book_rating.update_date DESC NULLS LAST
2022-02-15 16:25:03.884 [eventLoopGroupProxy-4-12] DEBUG Exposed - SELECT book_rating.id, book_rating.title, book_rating.author, book_rating.summary, book_rating.isbn, book_rating.image_url, book_rating.rating, book_rating.create_date, book_rating.update_date FROM book_rating ORDER BY book_rating.update_date DESC NULLS LAST
2022-02-15 16:25:15.290 [eventLoopGroupProxy-4-12] DEBUG Exposed - SELECT book_rating.id, book_rating.title, book_rating.author, book_rating.summary, book_rating.isbn, book_rating.image_url, book_rating.rating, book_rating.create_date, book_rating.update_date FROM book_rating ORDER BY book_rating.update_date DESC NULLS LAST
2022-02-15 16:26:09.766 [eventLoopGroupProxy-4-12] DEBUG Exposed - SELECT book_rating.id, book_rating.title, book_rating.author, book_rating.summary, book_rating.isbn, book_rating.image_url, book_rating.rating, book_rating.create_date, book_rating.update_date FROM book_rating ORDER BY book_rating.update_date DESC NULLS LAST
2022-02-15 16:28:47.664 [eventLoopGroupProxy-4-12] DEBUG Exposed - SELECT book_rating.id, book_rating.title, book_rating.author, book_rating.summary, book_rating.isbn, book_rating.image_url, book_rating.rating, book_rating.create_date, book_rating.update_date FROM book_rating ORDER BY book_rating.update_date DESC NULLS LAST
2022-02-15 16:32:04.883 [eventLoopGroupProxy-4-12] DEBUG Exposed - SELECT book_rating.id, book_rating.title, book_rating.author, book_rating.summary, book_rating.isbn, book_rating.image_url, book_rating.rating, book_rating.create_date, book_rating.update_date FROM book_rating ORDER BY book_rating.update_date DESC NULLS LAST
2022-02-15 16:33:14.412 [eventLoopGroupProxy-4-12] DEBUG Exposed - SELECT book_rating.id, book_rating.title, book_rating.author, book_rating.summary, book_rating.isbn, book_rating.image_url, book_rating.rating, book_rating.create_date, book_rating.update_date FROM book_rating ORDER BY book_rating.update_date DESC NULLS LAST
2022-02-15 16:33:35.580 [eventLoopGroupProxy-4-12] DEBUG Exposed - SELECT book_rating.id, book_rating.title, book_rating.author, book_rating.summary, book_rating.isbn, book_rating.image_url, book_rating.rating, book_rating.create_date, book_rating.update_date FROM book_rating ORDER BY book_rating.update_date DESC NULLS LAST
2022-02-15 16:34:31.824 [eventLoopGroupProxy-4-12] DEBUG Exposed - SELECT book_rating.id, book_rating.title, book_rating.author, book_rating.summary, book_rating.isbn, book_rating.image_url, book_rating.rating, book_rating.create_date, book_rating.update_date FROM book_rating ORDER BY book_rating.update_date DESC NULLS LAST
2022-02-15 16:34:43.498 [eventLoopGroupProxy-4-12] DEBUG Exposed - SELECT book_rating.id, book_rating.title, book_rating.author, book_rating.summary, book_rating.isbn, book_rating.image_url, book_rating.rating, book_rating.create_date, book_rating.update_date FROM book_rating ORDER BY book_rating.update_date DESC NULLS LAST
2022-02-15 16:42:53.477 [eventLoopGroupProxy-4-1] DEBUG Exposed - SELECT book_rating.id, book_rating.title, book_rating.author, book_rating.summary, book_rating.isbn, book_rating.image_url, book_rating.rating, book_rating.create_date, book_rating.update_date FROM book_rating ORDER BY book_rating.update_date DESC NULLS LAST
2022-02-15 16:43:31.975 [eventLoopGroupProxy-4-1] DEBUG Exposed - SELECT book_rating.id, book_rating.title, book_rating.author, book_rating.summary, book_rating.isbn, book_rating.image_url, book_rating.rating, book_rating.create_date, book_rating.update_date FROM book_rating ORDER BY book_rating.update_date DESC NULLS LAST
2022-02-15 16:48:28.948 [eventLoopGroupProxy-4-2] DEBUG Exposed - SELECT book_rating.id, book_rating.title, book_rating.author, book_rating.summary, book_rating.isbn, book_rating.image_url, book_rating.rating, book_rating.create_date, book_rating.update_date FROM book_rating ORDER BY book_rating.update_date DESC NULLS LAST
2022-02-15 17:00:26.436 [eventLoopGroupProxy-4-3] DEBUG Exposed - SELECT book_rating.id, book_rating.title, book_rating.author, book_rating.summary, book_rating.isbn, book_rating.image_url, book_rating.rating, book_rating.create_date, book_rating.update_date FROM book_rating ORDER BY book_rating.update_date DESC NULLS LAST
2022-02-15 17:01:23.574 [eventLoopGroupProxy-4-3] DEBUG Exposed - SELECT book_rating.id, book_rating.title, book_rating.author, book_rating.summary, book_rating.isbn, book_rating.image_url, book_rating.rating, book_rating.create_date, book_rating.update_date FROM book_rating ORDER BY book_rating.update_date DESC NULLS LAST
2022-02-15 17:04:09.046 [eventLoopGroupProxy-4-3] DEBUG Exposed - SELECT book_rating.id, book_rating.title, book_rating.author, book_rating.summary, book_rating.isbn, book_rating.image_url, book_rating.rating, book_rating.create_date, book_rating.update_date FROM book_rating ORDER BY book_rating.update_date DESC NULLS LAST
2022-02-15 17:04:20.515 [eventLoopGroupProxy-4-3] DEBUG Exposed - SELECT book_rating.id, book_rating.title, book_rating.author, book_rating.summary, book_rating.isbn, book_rating.image_url, book_rating.rating, book_rating.create_date, book_rating.update_date FROM book_rating ORDER BY book_rating.update_date DESC NULLS LAST
2022-02-15 17:05:05.471 [eventLoopGroupProxy-4-4] DEBUG Exposed - SELECT book_rating.id, book_rating.title, book_rating.author, book_rating.summary, book_rating.isbn, book_rating.image_url, book_rating.rating, book_rating.create_date, book_rating.update_date FROM book_rating ORDER BY book_rating.update_date DESC NULLS LAST
2022-02-15 17:05:50.930 [eventLoopGroupProxy-4-4] DEBUG Exposed - SELECT book_rating.id, book_rating.title, book_rating.author, book_rating.summary, book_rating.isbn, book_rating.image_url, book_rating.rating, book_rating.create_date, book_rating.update_date FROM book_rating ORDER BY book_rating.update_date DESC NULLS LAST
2022-02-15 17:08:43.264 [eventLoopGroupProxy-4-4] DEBUG Exposed - SELECT book_rating.id, book_rating.title, book_rating.author, book_rating.summary, book_rating.isbn, book_rating.image_url, book_rating.rating, book_rating.create_date, book_rating.update_date FROM book_rating ORDER BY book_rating.update_date DESC NULLS LAST
2022-02-15 17:12:52.190 [eventLoopGroupProxy-4-4] DEBUG Exposed - SELECT book_rating.id, book_rating.title, book_rating.author, book_rating.summary, book_rating.isbn, book_rating.image_url, book_rating.rating, book_rating.create_date, book_rating.update_date FROM book_rating ORDER BY book_rating.update_date DESC NULLS LAST
