2022-03-02 18:35:52.617 [main] TRACE Application - {
    # application.conf @ file:/Users/lsh/Desktop/dev/ktor/ktor_sample/build/resources/main/application.conf: 7
    "application" : {
        # application.conf @ file:/Users/lsh/Desktop/dev/ktor/ktor_sample/build/resources/main/application.conf: 8
        "modules" : [
            # application.conf @ file:/Users/lsh/Desktop/dev/ktor/ktor_sample/build/resources/main/application.conf: 8
            "com.example.ApplicationKt.module"
        ]
    },
    # application.conf @ file:/Users/lsh/Desktop/dev/ktor/ktor_sample/build/resources/main/application.conf: 2
    "deployment" : {
        # application.conf @ file:/Users/lsh/Desktop/dev/ktor/ktor_sample/build/resources/main/application.conf: 3
        "port" : 8080,
        # application.conf @ file:/Users/lsh/Desktop/dev/ktor/ktor_sample/build/resources/main/application.conf: 4
        "test" : "lsh"
    },
    # Content hidden
    "security" : "***"
}

2022-03-02 18:35:52.888 [main] INFO  Application - Autoreload is disabled because the development mode is off.
2022-03-02 18:35:54.096 [main] INFO  Application - Application auto-reloaded in 1.203 seconds.
2022-03-02 18:35:54.525 [DefaultDispatcher-worker-1] INFO  Application - Responding at http://0.0.0.0:8080
2022-03-02 19:00:58.972 [eventLoopGroupProxy-4-2] DEBUG Exposed - SELECT book_rating.id, book_rating.title, book_rating.author, book_rating.summary, book_rating.isbn, book_rating.image_url, book_rating.rating, book_rating.create_date, book_rating.update_date FROM book_rating ORDER BY book_rating.update_date DESC NULLS LAST
2022-03-02 19:01:35.894 [eventLoopGroupProxy-4-2] DEBUG Exposed - SELECT book_rating.id, book_rating.title, book_rating.author, book_rating.summary, book_rating.isbn, book_rating.image_url, book_rating.rating, book_rating.create_date, book_rating.update_date FROM book_rating ORDER BY book_rating.update_date DESC NULLS LAST
2022-03-02 19:02:09.189 [eventLoopGroupProxy-4-2] DEBUG Exposed - SELECT book_rating.id, book_rating.title, book_rating.author, book_rating.summary, book_rating.isbn, book_rating.image_url, book_rating.rating, book_rating.create_date, book_rating.update_date FROM book_rating ORDER BY book_rating.update_date DESC NULLS LAST
2022-03-02 19:03:21.303 [eventLoopGroupProxy-4-2] DEBUG Exposed - SELECT book_rating.id, book_rating.title, book_rating.author, book_rating.summary, book_rating.isbn, book_rating.image_url, book_rating.rating, book_rating.create_date, book_rating.update_date FROM book_rating ORDER BY book_rating.update_date DESC NULLS LAST
2022-03-02 19:03:34.705 [eventLoopGroupProxy-4-2] DEBUG Exposed - SELECT book_rating.id, book_rating.title, book_rating.author, book_rating.summary, book_rating.isbn, book_rating.image_url, book_rating.rating, book_rating.create_date, book_rating.update_date FROM book_rating ORDER BY book_rating.update_date DESC NULLS LAST
2022-03-02 19:04:15.975 [eventLoopGroupProxy-4-2] DEBUG Exposed - SELECT book_rating.id, book_rating.title, book_rating.author, book_rating.summary, book_rating.isbn, book_rating.image_url, book_rating.rating, book_rating.create_date, book_rating.update_date FROM book_rating ORDER BY book_rating.update_date DESC NULLS LAST
2022-03-02 19:04:41.267 [eventLoopGroupProxy-4-2] DEBUG Exposed - SELECT book_rating.id, book_rating.title, book_rating.author, book_rating.summary, book_rating.isbn, book_rating.image_url, book_rating.rating, book_rating.create_date, book_rating.update_date FROM book_rating ORDER BY book_rating.update_date DESC NULLS LAST
2022-03-02 19:05:36.676 [eventLoopGroupProxy-4-3] DEBUG Exposed - SELECT book_rating.id, book_rating.title, book_rating.author, book_rating.summary, book_rating.isbn, book_rating.image_url, book_rating.rating, book_rating.create_date, book_rating.update_date FROM book_rating ORDER BY book_rating.update_date DESC NULLS LAST
2022-03-02 19:06:32.269 [eventLoopGroupProxy-4-3] DEBUG Exposed - SELECT book_rating.id, book_rating.title, book_rating.author, book_rating.summary, book_rating.isbn, book_rating.image_url, book_rating.rating, book_rating.create_date, book_rating.update_date FROM book_rating ORDER BY book_rating.update_date DESC NULLS LAST
2022-03-02 19:07:53.675 [eventLoopGroupProxy-4-3] DEBUG Exposed - SELECT book_rating.id, book_rating.title, book_rating.author, book_rating.summary, book_rating.isbn, book_rating.image_url, book_rating.rating, book_rating.create_date, book_rating.update_date FROM book_rating ORDER BY book_rating.update_date DESC NULLS LAST
2022-03-02 19:08:05.043 [eventLoopGroupProxy-4-3] DEBUG Exposed - SELECT book_rating.id, book_rating.title, book_rating.author, book_rating.summary, book_rating.isbn, book_rating.image_url, book_rating.rating, book_rating.create_date, book_rating.update_date FROM book_rating ORDER BY book_rating.update_date DESC NULLS LAST
2022-03-02 19:08:10.776 [eventLoopGroupProxy-4-3] DEBUG Exposed - SELECT book_rating.id, book_rating.title, book_rating.author, book_rating.summary, book_rating.isbn, book_rating.image_url, book_rating.rating, book_rating.create_date, book_rating.update_date FROM book_rating ORDER BY book_rating.update_date DESC NULLS LAST
2022-03-02 19:09:13.251 [eventLoopGroupProxy-4-4] DEBUG Exposed - SELECT book_rating.id, book_rating.title, book_rating.author, book_rating.summary, book_rating.isbn, book_rating.image_url, book_rating.rating, book_rating.create_date, book_rating.update_date FROM book_rating ORDER BY book_rating.update_date DESC NULLS LAST
2022-03-02 19:10:46.733 [eventLoopGroupProxy-4-4] DEBUG Exposed - SELECT book_rating.id, book_rating.title, book_rating.author, book_rating.summary, book_rating.isbn, book_rating.image_url, book_rating.rating, book_rating.create_date, book_rating.update_date FROM book_rating ORDER BY book_rating.update_date DESC NULLS LAST
2022-03-02 19:11:18.476 [eventLoopGroupProxy-4-4] DEBUG Exposed - SELECT book_rating.id, book_rating.title, book_rating.author, book_rating.summary, book_rating.isbn, book_rating.image_url, book_rating.rating, book_rating.create_date, book_rating.update_date FROM book_rating ORDER BY book_rating.update_date DESC NULLS LAST
2022-03-02 19:11:27.181 [eventLoopGroupProxy-4-4] DEBUG Exposed - SELECT book_rating.id, book_rating.title, book_rating.author, book_rating.summary, book_rating.isbn, book_rating.image_url, book_rating.rating, book_rating.create_date, book_rating.update_date FROM book_rating ORDER BY book_rating.update_date DESC NULLS LAST
2022-03-02 19:12:30.771 [eventLoopGroupProxy-4-4] DEBUG Exposed - SELECT book_rating.id, book_rating.title, book_rating.author, book_rating.summary, book_rating.isbn, book_rating.image_url, book_rating.rating, book_rating.create_date, book_rating.update_date FROM book_rating ORDER BY book_rating.update_date DESC NULLS LAST
2022-03-02 19:13:56.991 [eventLoopGroupProxy-4-4] DEBUG Exposed - SELECT book_rating.id, book_rating.title, book_rating.author, book_rating.summary, book_rating.isbn, book_rating.image_url, book_rating.rating, book_rating.create_date, book_rating.update_date FROM book_rating ORDER BY book_rating.update_date DESC NULLS LAST
2022-03-02 19:14:57.612 [eventLoopGroupProxy-4-4] DEBUG Exposed - SELECT book_rating.id, book_rating.title, book_rating.author, book_rating.summary, book_rating.isbn, book_rating.image_url, book_rating.rating, book_rating.create_date, book_rating.update_date FROM book_rating ORDER BY book_rating.update_date DESC NULLS LAST
2022-03-02 19:17:06.739 [eventLoopGroupProxy-4-4] DEBUG Exposed - SELECT book_rating.id, book_rating.title, book_rating.author, book_rating.summary, book_rating.isbn, book_rating.image_url, book_rating.rating, book_rating.create_date, book_rating.update_date FROM book_rating ORDER BY book_rating.update_date DESC NULLS LAST
2022-03-02 19:17:40.441 [eventLoopGroupProxy-4-5] DEBUG Exposed - SELECT book_rating.id, book_rating.title, book_rating.author, book_rating.summary, book_rating.isbn, book_rating.image_url, book_rating.rating, book_rating.create_date, book_rating.update_date FROM book_rating ORDER BY book_rating.update_date DESC NULLS LAST
2022-03-02 19:18:59.350 [eventLoopGroupProxy-4-5] DEBUG Exposed - SELECT book_rating.id, book_rating.title, book_rating.author, book_rating.summary, book_rating.isbn, book_rating.image_url, book_rating.rating, book_rating.create_date, book_rating.update_date FROM book_rating ORDER BY book_rating.update_date DESC NULLS LAST
2022-03-02 19:19:49.965 [eventLoopGroupProxy-4-5] DEBUG Exposed - SELECT book_rating.id, book_rating.title, book_rating.author, book_rating.summary, book_rating.isbn, book_rating.image_url, book_rating.rating, book_rating.create_date, book_rating.update_date FROM book_rating ORDER BY book_rating.update_date DESC NULLS LAST
2022-03-02 19:19:54.970 [eventLoopGroupProxy-4-5] DEBUG Exposed - SELECT book_rating.id, book_rating.title, book_rating.author, book_rating.summary, book_rating.isbn, book_rating.image_url, book_rating.rating, book_rating.create_date, book_rating.update_date FROM book_rating ORDER BY book_rating.update_date DESC NULLS LAST
2022-03-02 19:20:35.841 [eventLoopGroupProxy-4-5] DEBUG Exposed - SELECT book_rating.id, book_rating.title, book_rating.author, book_rating.summary, book_rating.isbn, book_rating.image_url, book_rating.rating, book_rating.create_date, book_rating.update_date FROM book_rating ORDER BY book_rating.update_date DESC NULLS LAST
2022-03-02 19:23:15.482 [eventLoopGroupProxy-4-5] DEBUG Exposed - SELECT book_rating.id, book_rating.title, book_rating.author, book_rating.summary, book_rating.isbn, book_rating.image_url, book_rating.rating, book_rating.create_date, book_rating.update_date FROM book_rating ORDER BY book_rating.update_date DESC NULLS LAST
2022-03-02 19:23:57.276 [eventLoopGroupProxy-4-6] DEBUG Exposed - SELECT book_rating.id, book_rating.title, book_rating.author, book_rating.summary, book_rating.isbn, book_rating.image_url, book_rating.rating, book_rating.create_date, book_rating.update_date FROM book_rating ORDER BY book_rating.update_date DESC NULLS LAST
2022-03-02 19:26:29.224 [eventLoopGroupProxy-4-6] DEBUG Exposed - SELECT book_rating.id, book_rating.title, book_rating.author, book_rating.summary, book_rating.isbn, book_rating.image_url, book_rating.rating, book_rating.create_date, book_rating.update_date FROM book_rating ORDER BY book_rating.update_date DESC NULLS LAST
2022-03-02 19:26:43.676 [eventLoopGroupProxy-4-6] DEBUG Exposed - SELECT book_rating.id, book_rating.title, book_rating.author, book_rating.summary, book_rating.isbn, book_rating.image_url, book_rating.rating, book_rating.create_date, book_rating.update_date FROM book_rating ORDER BY book_rating.update_date DESC NULLS LAST
2022-03-02 19:26:49.192 [eventLoopGroupProxy-4-6] DEBUG Exposed - SELECT book_rating.id, book_rating.title, book_rating.author, book_rating.summary, book_rating.isbn, book_rating.image_url, book_rating.rating, book_rating.create_date, book_rating.update_date FROM book_rating ORDER BY book_rating.update_date DESC NULLS LAST
2022-03-02 19:27:19.365 [eventLoopGroupProxy-4-6] DEBUG Exposed - SELECT book_rating.id, book_rating.title, book_rating.author, book_rating.summary, book_rating.isbn, book_rating.image_url, book_rating.rating, book_rating.create_date, book_rating.update_date FROM book_rating ORDER BY book_rating.update_date DESC NULLS LAST
2022-03-02 19:27:53.747 [eventLoopGroupProxy-4-6] DEBUG Exposed - SELECT book_rating.id, book_rating.title, book_rating.author, book_rating.summary, book_rating.isbn, book_rating.image_url, book_rating.rating, book_rating.create_date, book_rating.update_date FROM book_rating ORDER BY book_rating.update_date DESC NULLS LAST
2022-03-02 23:00:54.791 [eventLoopGroupProxy-4-7] DEBUG Exposed - SELECT book_rating.id, book_rating.title, book_rating.author, book_rating.summary, book_rating.isbn, book_rating.image_url, book_rating.rating, book_rating.create_date, book_rating.update_date FROM book_rating ORDER BY book_rating.update_date DESC NULLS LAST
2022-03-02 23:01:17.161 [eventLoopGroupProxy-4-7] DEBUG Exposed - SELECT book_rating.id, book_rating.title, book_rating.author, book_rating.summary, book_rating.isbn, book_rating.image_url, book_rating.rating, book_rating.create_date, book_rating.update_date FROM book_rating ORDER BY book_rating.update_date DESC NULLS LAST
2022-03-02 23:02:43.364 [eventLoopGroupProxy-4-7] DEBUG Exposed - SELECT book_rating.id, book_rating.title, book_rating.author, book_rating.summary, book_rating.isbn, book_rating.image_url, book_rating.rating, book_rating.create_date, book_rating.update_date FROM book_rating ORDER BY book_rating.update_date DESC NULLS LAST
2022-03-02 23:03:47.772 [eventLoopGroupProxy-4-7] DEBUG Exposed - SELECT book_rating.id, book_rating.title, book_rating.author, book_rating.summary, book_rating.isbn, book_rating.image_url, book_rating.rating, book_rating.create_date, book_rating.update_date FROM book_rating ORDER BY book_rating.update_date DESC NULLS LAST
2022-03-02 23:04:14.316 [eventLoopGroupProxy-4-7] DEBUG Exposed - SELECT book_rating.id, book_rating.title, book_rating.author, book_rating.summary, book_rating.isbn, book_rating.image_url, book_rating.rating, book_rating.create_date, book_rating.update_date FROM book_rating ORDER BY book_rating.update_date DESC NULLS LAST
2022-03-02 23:05:00.071 [eventLoopGroupProxy-4-8] DEBUG Exposed - SELECT book_rating.id, book_rating.title, book_rating.author, book_rating.summary, book_rating.isbn, book_rating.image_url, book_rating.rating, book_rating.create_date, book_rating.update_date FROM book_rating ORDER BY book_rating.update_date DESC NULLS LAST
2022-03-02 23:05:52.877 [eventLoopGroupProxy-4-8] DEBUG Exposed - SELECT book_rating.id, book_rating.title, book_rating.author, book_rating.summary, book_rating.isbn, book_rating.image_url, book_rating.rating, book_rating.create_date, book_rating.update_date FROM book_rating ORDER BY book_rating.update_date DESC NULLS LAST
2022-03-02 23:06:09.391 [eventLoopGroupProxy-4-8] DEBUG Exposed - SELECT book_rating.id, book_rating.title, book_rating.author, book_rating.summary, book_rating.isbn, book_rating.image_url, book_rating.rating, book_rating.create_date, book_rating.update_date FROM book_rating ORDER BY book_rating.update_date DESC NULLS LAST
2022-03-02 23:06:48.814 [eventLoopGroupProxy-4-8] DEBUG Exposed - SELECT book_rating.id, book_rating.title, book_rating.author, book_rating.summary, book_rating.isbn, book_rating.image_url, book_rating.rating, book_rating.create_date, book_rating.update_date FROM book_rating ORDER BY book_rating.update_date DESC NULLS LAST
2022-03-02 23:07:02.569 [eventLoopGroupProxy-4-8] DEBUG Exposed - SELECT book_rating.id, book_rating.title, book_rating.author, book_rating.summary, book_rating.isbn, book_rating.image_url, book_rating.rating, book_rating.create_date, book_rating.update_date FROM book_rating ORDER BY book_rating.update_date DESC NULLS LAST
2022-03-02 23:07:14.522 [eventLoopGroupProxy-4-8] DEBUG Exposed - SELECT book_rating.id, book_rating.title, book_rating.author, book_rating.summary, book_rating.isbn, book_rating.image_url, book_rating.rating, book_rating.create_date, book_rating.update_date FROM book_rating ORDER BY book_rating.update_date DESC NULLS LAST
2022-03-02 23:13:13.933 [eventLoopGroupProxy-4-9] DEBUG Exposed - SELECT book_rating.id, book_rating.title, book_rating.author, book_rating.summary, book_rating.isbn, book_rating.image_url, book_rating.rating, book_rating.create_date, book_rating.update_date FROM book_rating ORDER BY book_rating.update_date DESC NULLS LAST
2022-03-02 23:13:27.142 [eventLoopGroupProxy-4-9] DEBUG Exposed - SELECT book_rating.id, book_rating.title, book_rating.author, book_rating.summary, book_rating.isbn, book_rating.image_url, book_rating.rating, book_rating.create_date, book_rating.update_date FROM book_rating ORDER BY book_rating.update_date DESC NULLS LAST
2022-03-02 23:13:44.957 [eventLoopGroupProxy-4-9] DEBUG Exposed - SELECT book_rating.id, book_rating.title, book_rating.author, book_rating.summary, book_rating.isbn, book_rating.image_url, book_rating.rating, book_rating.create_date, book_rating.update_date FROM book_rating ORDER BY book_rating.update_date DESC NULLS LAST
2022-03-02 23:14:16.086 [eventLoopGroupProxy-4-9] DEBUG Exposed - SELECT book_rating.id, book_rating.title, book_rating.author, book_rating.summary, book_rating.isbn, book_rating.image_url, book_rating.rating, book_rating.create_date, book_rating.update_date FROM book_rating ORDER BY book_rating.update_date DESC NULLS LAST
2022-03-02 23:14:39.599 [eventLoopGroupProxy-4-9] DEBUG Exposed - SELECT book_rating.id, book_rating.title, book_rating.author, book_rating.summary, book_rating.isbn, book_rating.image_url, book_rating.rating, book_rating.create_date, book_rating.update_date FROM book_rating ORDER BY book_rating.update_date DESC NULLS LAST
2022-03-02 23:15:09.337 [eventLoopGroupProxy-4-10] DEBUG Exposed - SELECT book_rating.id, book_rating.title, book_rating.author, book_rating.summary, book_rating.isbn, book_rating.image_url, book_rating.rating, book_rating.create_date, book_rating.update_date FROM book_rating ORDER BY book_rating.update_date DESC NULLS LAST
2022-03-02 23:15:51.828 [eventLoopGroupProxy-4-10] DEBUG Exposed - SELECT book_rating.id, book_rating.title, book_rating.author, book_rating.summary, book_rating.isbn, book_rating.image_url, book_rating.rating, book_rating.create_date, book_rating.update_date FROM book_rating ORDER BY book_rating.update_date DESC NULLS LAST
2022-03-02 23:16:08.006 [eventLoopGroupProxy-4-10] DEBUG Exposed - SELECT book_rating.id, book_rating.title, book_rating.author, book_rating.summary, book_rating.isbn, book_rating.image_url, book_rating.rating, book_rating.create_date, book_rating.update_date FROM book_rating ORDER BY book_rating.update_date DESC NULLS LAST
2022-03-02 23:17:29.824 [eventLoopGroupProxy-4-11] DEBUG Exposed - SELECT book_rating.id, book_rating.title, book_rating.author, book_rating.summary, book_rating.isbn, book_rating.image_url, book_rating.rating, book_rating.create_date, book_rating.update_date FROM book_rating ORDER BY book_rating.update_date DESC NULLS LAST
